Using pre-set license
Built from '2022.1/staging' branch; Version is '2022.1.14f1 (ff7e140968b4) revision 16743956'; Using compiler version '192829333'; Build Type 'Release'
OS: 'Windows 11  (10.0.22000) 64bit Core' Language: 'en' Physical Memory: 7971 MB
BatchMode: 1, IsHumanControllingUs: 0, StartBugReporterOnCrash: 0, Is64bit: 1, IsPro: 1

COMMAND LINE ARGUMENTS:
C:\Program Files\Unity\Hub\Editor\2022.1.14f1\Editor\Unity.exe
-adb2
-batchMode
-noUpm
-name
AssetImportWorker1
-projectPath
C:/Users/Joe Wyman/Documents/GitHub/DrakesAdventureGame
-logFile
Logs/AssetImportWorker1.log
-srvPort
49693
Successfully changed project path to: C:/Users/Joe Wyman/Documents/GitHub/DrakesAdventureGame
C:/Users/Joe Wyman/Documents/GitHub/DrakesAdventureGame
[UnityMemory] Configuration Parameters - Can be set up in boot.config
    "memorysetup-bucket-allocator-granularity=16"
    "memorysetup-bucket-allocator-bucket-count=8"
    "memorysetup-bucket-allocator-block-size=33554432"
    "memorysetup-bucket-allocator-block-count=8"
    "memorysetup-main-allocator-block-size=16777216"
    "memorysetup-thread-allocator-block-size=16777216"
    "memorysetup-gfx-main-allocator-block-size=16777216"
    "memorysetup-gfx-thread-allocator-block-size=16777216"
    "memorysetup-cache-allocator-block-size=4194304"
    "memorysetup-typetree-allocator-block-size=2097152"
    "memorysetup-profiler-bucket-allocator-granularity=16"
    "memorysetup-profiler-bucket-allocator-bucket-count=8"
    "memorysetup-profiler-bucket-allocator-block-size=33554432"
    "memorysetup-profiler-bucket-allocator-block-count=8"
    "memorysetup-profiler-allocator-block-size=16777216"
    "memorysetup-profiler-editor-allocator-block-size=1048576"
    "memorysetup-temp-allocator-size-main=16777216"
    "memorysetup-job-temp-allocator-block-size=2097152"
    "memorysetup-job-temp-allocator-block-size-background=1048576"
    "memorysetup-job-temp-allocator-reduction-small-platforms=262144"
    "memorysetup-temp-allocator-size-background-worker=32768"
    "memorysetup-temp-allocator-size-job-worker=262144"
    "memorysetup-temp-allocator-size-preload-manager=33554432"
    "memorysetup-temp-allocator-size-nav-mesh-worker=65536"
    "memorysetup-temp-allocator-size-audio-worker=65536"
    "memorysetup-temp-allocator-size-cloud-worker=32768"
    "memorysetup-temp-allocator-size-gi-baking-worker=262144"
    "memorysetup-temp-allocator-size-gfx=262144"
Refreshing native plugins compatible for Editor in 165.86 ms, found 3 plugins.
Preloading 0 native plugins for Editor in 0.00 ms.
Initialize engine version: 2022.1.14f1 (ff7e140968b4)
[Subsystems] Discovering subsystems at path C:/Program Files/Unity/Hub/Editor/2022.1.14f1/Editor/Data/Resources/UnitySubsystems
[Subsystems] Discovering subsystems at path C:/Users/Joe Wyman/Documents/GitHub/DrakesAdventureGame/Assets
GfxDevice: creating device client; threaded=0; jobified=0
Direct3D:
    Version:  Direct3D 11.0 [level 11.1]
    Renderer: Intel(R) Iris(R) Xe Graphics (ID=0x9a49)
    Vendor:   Intel
    VRAM:     3985 MB
    Driver:   30.0.101.1404
Initialize mono
Mono path[0] = 'C:/Program Files/Unity/Hub/Editor/2022.1.14f1/Editor/Data/Managed'
Mono path[1] = 'C:/Program Files/Unity/Hub/Editor/2022.1.14f1/Editor/Data/MonoBleedingEdge/lib/mono/unityjit-win32'
Mono config path = 'C:/Program Files/Unity/Hub/Editor/2022.1.14f1/Editor/Data/MonoBleedingEdge/etc'
Using monoOptions --debugger-agent=transport=dt_socket,embedding=1,server=y,suspend=n,address=127.0.0.1:56140
Begin MonoManager ReloadAssembly
Registering precompiled unity dll's ...
Register platform support module: C:/Program Files/Unity/Hub/Editor/2022.1.14f1/Editor/Data/PlaybackEngines/WindowsStandaloneSupport/UnityEditor.WindowsStandalone.Extensions.dll
Register platform support module: C:/Program Files/Unity/Hub/Editor/2022.1.14f1/Editor/Data/PlaybackEngines/MetroSupport/UnityEditor.UWP.Extensions.dll
Registered in 0.006194 seconds.
Native extension for UWP target not found
Native extension for WindowsStandalone target not found
Refreshing native plugins compatible for Editor in 145.84 ms, found 3 plugins.
Preloading 0 native plugins for Editor in 0.00 ms.
Mono: successfully reloaded assembly
- Completed reload, in  1.054 seconds
Domain Reload Profiling:
	ReloadAssembly (1055ms)
		BeginReloadAssembly (119ms)
			ExecutionOrderSort (0ms)
			DisableScriptedObjects (0ms)
			BackupInstance (0ms)
			ReleaseScriptingObjects (0ms)
			CreateAndSetChildDomain (1ms)
		EndReloadAssembly (728ms)
			LoadAssemblies (117ms)
			RebuildTransferFunctionScriptingTraits (0ms)
			SetupTypeCache (163ms)
				TypeCache.Initialize (162ms)
					TypeCache.ScanAssembly (160ms)
				ResolveRequiredComponents (1ms)
			ReleaseScriptCaches (0ms)
			RebuildScriptCaches (39ms)
			SetupLoadedEditorAssemblies (454ms)
				LogAssemblyErrors (0ms)
				InitializePlatformSupportModulesInManaged (10ms)
				SetLoadedEditorAssemblies (10ms)
				RefreshPlugins (146ms)
				BeforeProcessingInitializeOnLoad (2ms)
				ProcessInitializeOnLoadAttributes (206ms)
				ProcessInitializeOnLoadMethodAttributes (80ms)
				AfterProcessingInitializeOnLoad (0ms)
				EditorAssembliesLoaded (0ms)
			ExecutionOrderSort2 (0ms)
			AwakeInstancesAfterBackupRestoration (0ms)
Platform modules already initialized, skipping
Registering precompiled user dll's ...
Registered in 0.007077 seconds.
Begin MonoManager ReloadAssembly
Symbol file LoadedFromMemory doesn't match image C:\Users\Joe Wyman\Documents\GitHub\DrakesAdventureGame\Library\PackageCache\com.unity.visualscripting@1.7.8\Editor\VisualScripting.Core\Dependencies\YamlDotNet\Unity.VisualScripting.YamlDotNet.dll
Symbol file LoadedFromMemory doesn't match image C:\Users\Joe Wyman\Documents\GitHub\DrakesAdventureGame\Library\PackageCache\com.unity.visualscripting@1.7.8\Editor\VisualScripting.Core\Dependencies\DotNetZip\Unity.VisualScripting.IonicZip.dll
Native extension for UWP target not found
Native extension for WindowsStandalone target not found
Refreshing native plugins compatible for Editor in 2.10 ms, found 3 plugins.
Preloading 0 native plugins for Editor in 0.00 ms.
Mono: successfully reloaded assembly
- Completed reload, in  1.580 seconds
Domain Reload Profiling:
	ReloadAssembly (1581ms)
		BeginReloadAssembly (165ms)
			ExecutionOrderSort (0ms)
			DisableScriptedObjects (6ms)
			BackupInstance (0ms)
			ReleaseScriptingObjects (0ms)
			CreateAndSetChildDomain (28ms)
		EndReloadAssembly (1237ms)
			LoadAssemblies (118ms)
			RebuildTransferFunctionScriptingTraits (0ms)
			SetupTypeCache (345ms)
				TypeCache.Initialize (337ms)
					TypeCache.ScanAssembly (330ms)
				ResolveRequiredComponents (8ms)
			ReleaseScriptCaches (1ms)
			RebuildScriptCaches (76ms)
			SetupLoadedEditorAssemblies (640ms)
				LogAssemblyErrors (0ms)
				InitializePlatformSupportModulesInManaged (7ms)
				SetLoadedEditorAssemblies (10ms)
				RefreshPlugins (2ms)
				BeforeProcessingInitializeOnLoad (106ms)
				ProcessInitializeOnLoadAttributes (466ms)
				ProcessInitializeOnLoadMethodAttributes (42ms)
				AfterProcessingInitializeOnLoad (6ms)
				EditorAssembliesLoaded (0ms)
			ExecutionOrderSort2 (0ms)
			AwakeInstancesAfterBackupRestoration (12ms)
Platform modules already initialized, skipping
========================================================================
Worker process is ready to serve import requests
Launched and connected shader compiler UnityShaderCompiler.exe after 0.06 seconds
Refreshing native plugins compatible for Editor in 1.21 ms, found 3 plugins.
Preloading 0 native plugins for Editor in 0.00 ms.
Unloading 3334 Unused Serialized files (Serialized files now loaded: 0)
Unloading 27 unused Assets / (64.6 KB). Loaded Objects now: 3814.
Memory consumption went from 0.52 GB to 0.52 GB.
Total: 3.974700 ms (FindLiveObjects: 0.335400 ms CreateObjectMapping: 0.133300 ms MarkObjects: 3.379700 ms  DeleteObjects: 0.124300 ms)

AssetImportParameters requested are different than current active one (requested -> active):
  custom:video-decoder-ogg-theora: a1e56fd34408186e4bbccfd4996cb3dc -> 
  custom:container-muxer-webm: aa71ff27fc2769a1b78a27578f13a17b -> 
  custom:container-demuxer-webm: 4f35f7cbe854078d1ac9338744f61a02 -> 
  custom:video-encoder-webm-vp8: eb34c28f22e8b96e1ab97ce403110664 -> 
  custom:audio-encoder-webm-vorbis: bf7c407c2cedff20999df2af8eb42d56 -> 
  custom:framework-win-MediaFoundation: 216162199b28c13a410421893ffa2e32 -> 
  custom:container-demuxer-ogg: 62fdf1f143b41e24485cea50d1cbac27 -> 
  custom:video-decoder-webm-vp8: 9c59270c3fd7afecdb556c50c9e8de78 -> 
  custom:audio-decoder-ogg-vorbis: bf7c407c2cedff20999df2af8eb42d56 -> 
========================================================================
Received Import Request.
  Time since last request: 513202.232716 seconds.
  path: Assets/UI button pack 2/Light Blue/back-2.png
  artifactKey: Guid(9691eaf23c2fb434f8b2f3bf9bb712ce) Importer(815301076,1909f56bfc062723c751e8b465ee728b)
Start importing Assets/UI button pack 2/Light Blue/back-2.png using Guid(9691eaf23c2fb434f8b2f3bf9bb712ce) Importer(815301076,1909f56bfc062723c751e8b465ee728b)  -> (artifact id: '59642d938dd7010bc3e449eab93c2a5a') in 0.276276 seconds 
========================================================================
Received Import Request.
  Time since last request: 0.000037 seconds.
  path: Assets/UI button pack 2/Light Blue/1-up-2.png
  artifactKey: Guid(1c05005b93953964284418590c2f34bd) Importer(815301076,1909f56bfc062723c751e8b465ee728b)
Start importing Assets/UI button pack 2/Light Blue/1-up-2.png using Guid(1c05005b93953964284418590c2f34bd) Importer(815301076,1909f56bfc062723c751e8b465ee728b)  -> (artifact id: 'e0295fcf8481bd7b20f9a6c30bd388e9') in 0.163488 seconds 
========================================================================
Received Import Request.
  Time since last request: 0.000047 seconds.
  path: Assets/UI button pack 2/Light Blue/1-left-2.png
  artifactKey: Guid(4d7caeb12d6c6be40b1b885769883568) Importer(815301076,1909f56bfc062723c751e8b465ee728b)
Start importing Assets/UI button pack 2/Light Blue/1-left-2.png using Guid(4d7caeb12d6c6be40b1b885769883568) Importer(815301076,1909f56bfc062723c751e8b465ee728b)  -> (artifact id: 'aef2f519e37fc1616f1f58a41facff0c') in 0.112293 seconds 
========================================================================
Received Import Request.
  Time since last request: 0.000042 seconds.
  path: Assets/UI button pack 2/Light Blue/edit-2.png
  artifactKey: Guid(eeea3bd49ad0e044faf4b8c88b8c25eb) Importer(815301076,1909f56bfc062723c751e8b465ee728b)
Start importing Assets/UI button pack 2/Light Blue/edit-2.png using Guid(eeea3bd49ad0e044faf4b8c88b8c25eb) Importer(815301076,1909f56bfc062723c751e8b465ee728b)  -> (artifact id: 'be64fa7ead227da9446a4eb86ff2fac8') in 0.086886 seconds 
========================================================================
Received Import Request.
  Time since last request: 0.000088 seconds.
  path: Assets/UI button pack 2/Light Blue/setting-2.png
  artifactKey: Guid(0980336d735c698429c3fc9cf790d675) Importer(815301076,1909f56bfc062723c751e8b465ee728b)
Start importing Assets/UI button pack 2/Light Blue/setting-2.png using Guid(0980336d735c698429c3fc9cf790d675) Importer(815301076,1909f56bfc062723c751e8b465ee728b)  -> (artifact id: '53d5fab7d8ab2ceaffa7d7359ac9a78a') in 0.085655 seconds 
========================================================================
Received Import Request.
  Time since last request: 0.000045 seconds.
  path: Assets/UI button pack 2/Light Blue/sound-off-2.png
  artifactKey: Guid(a7ff39e05bef04f4fba8505af87372c2) Importer(815301076,1909f56bfc062723c751e8b465ee728b)
Start importing Assets/UI button pack 2/Light Blue/sound-off-2.png using Guid(a7ff39e05bef04f4fba8505af87372c2) Importer(815301076,1909f56bfc062723c751e8b465ee728b)  -> (artifact id: '87d02479ac6d9323819066a741b70f64') in 0.087348 seconds 
========================================================================
Received Import Request.
  Time since last request: 0.000041 seconds.
  path: Assets/UI button pack 2/Light Blue/msuic-2.png
  artifactKey: Guid(be0c81b4ac079b24a812d34233c3aa13) Importer(815301076,1909f56bfc062723c751e8b465ee728b)
Start importing Assets/UI button pack 2/Light Blue/msuic-2.png using Guid(be0c81b4ac079b24a812d34233c3aa13) Importer(815301076,1909f56bfc062723c751e8b465ee728b)  -> (artifact id: '595c4fbc57fc1201360f9b80d8b571b5') in 0.085818 seconds 
========================================================================
Received Import Request.
  Time since last request: 0.000031 seconds.
  path: Assets/2D Progress Bar Toolkit/Prefabs/ClassicProgressBar.prefab
  artifactKey: Guid(f6470122ed2a04396806ed472fb032ff) Importer(815301076,1909f56bfc062723c751e8b465ee728b)
Start importing Assets/2D Progress Bar Toolkit/Prefabs/ClassicProgressBar.prefab using Guid(f6470122ed2a04396806ed472fb032ff) Importer(815301076,1909f56bfc062723c751e8b465ee728b)  -> (artifact id: 'fa3975829bc1e765617b46b392147c49') in 0.036205 seconds 
========================================================================
Received Import Request.
  Time since last request: 0.000039 seconds.
  path: Assets/UI button pack 2/Light Blue/92.png
  artifactKey: Guid(fff8d0ab9ee7d6144a286485023dfb68) Importer(815301076,1909f56bfc062723c751e8b465ee728b)
Start importing Assets/UI button pack 2/Light Blue/92.png using Guid(fff8d0ab9ee7d6144a286485023dfb68) Importer(815301076,1909f56bfc062723c751e8b465ee728b)  -> (artifact id: '24225fbe980f8360f4f9314d0fbd20df') in 0.086785 seconds 
========================================================================
Received Import Request.
  Time since last request: 0.000037 seconds.
  path: Assets/UI button pack 2/Light Blue/cart-2.png
  artifactKey: Guid(181daf448c2d4034f861703f2be20580) Importer(815301076,1909f56bfc062723c751e8b465ee728b)
Start importing Assets/UI button pack 2/Light Blue/cart-2.png using Guid(181daf448c2d4034f861703f2be20580) Importer(815301076,1909f56bfc062723c751e8b465ee728b)  -> (artifact id: '6c916c430e6bf6c28877904f0a125553') in 0.093075 seconds 
========================================================================
Received Import Request.
  Time since last request: 0.000036 seconds.
  path: Assets/UI button pack 2/Light Blue/no-adds-2.png
  artifactKey: Guid(9aeaa920453a91c40830de8da873ca14) Importer(815301076,1909f56bfc062723c751e8b465ee728b)
Start importing Assets/UI button pack 2/Light Blue/no-adds-2.png using Guid(9aeaa920453a91c40830de8da873ca14) Importer(815301076,1909f56bfc062723c751e8b465ee728b)  -> (artifact id: 'c05842136112a3af1268b26c92a33176') in 0.087943 seconds 
========================================================================
Received Import Request.
  Time since last request: 0.000036 seconds.
  path: Assets/UI button pack 2/Light Blue/RECT-2.png
  artifactKey: Guid(f6a96ab035b06994daa2f7afc0ad7077) Importer(815301076,1909f56bfc062723c751e8b465ee728b)
Start importing Assets/UI button pack 2/Light Blue/RECT-2.png using Guid(f6a96ab035b06994daa2f7afc0ad7077) Importer(815301076,1909f56bfc062723c751e8b465ee728b)  -> (artifact id: '926a6cec99fc0fed01ec39ca218af035') in 0.039427 seconds 
========================================================================
Received Import Request.
  Time since last request: 0.000035 seconds.
  path: Assets/UI button pack 2/Light Blue/que-2.png
  artifactKey: Guid(291f571dcdcbd174394617d4ffa51d02) Importer(815301076,1909f56bfc062723c751e8b465ee728b)
Start importing Assets/UI button pack 2/Light Blue/que-2.png using Guid(291f571dcdcbd174394617d4ffa51d02) Importer(815301076,1909f56bfc062723c751e8b465ee728b)  -> (artifact id: '8cc76b0344b9a7ddbc2454b55d3544a3') in 0.084181 seconds 
========================================================================
Received Import Request.
  Time since last request: 0.000044 seconds.
  path: Assets/UI button pack 2/Light Blue/22.png
  artifactKey: Guid(26dc593c73fdde346881672ce31a0497) Importer(815301076,1909f56bfc062723c751e8b465ee728b)
Start importing Assets/UI button pack 2/Light Blue/22.png using Guid(26dc593c73fdde346881672ce31a0497) Importer(815301076,1909f56bfc062723c751e8b465ee728b)  -> (artifact id: 'f7dcc8e7c01254d262e5bae8e9c582be') in 0.083268 seconds 
========================================================================
Received Import Request.
  Time since last request: 0.000031 seconds.
  path: Assets/UI button pack 2/Light Blue/PIN-2.png
  artifactKey: Guid(781a28feea5ccfb479dba1772384696d) Importer(815301076,1909f56bfc062723c751e8b465ee728b)
Start importing Assets/UI button pack 2/Light Blue/PIN-2.png using Guid(781a28feea5ccfb479dba1772384696d) Importer(815301076,1909f56bfc062723c751e8b465ee728b)  -> (artifact id: 'd99b185aef939f157e1c068f5baa0467') in 0.082495 seconds 
========================================================================
Received Import Request.
  Time since last request: 0.000033 seconds.
  path: Assets/2D Casual UI/Sprite/GUI.png
  artifactKey: Guid(1eaee135ce037439d925cee5e41ce026) Importer(815301076,1909f56bfc062723c751e8b465ee728b)
Start importing Assets/2D Casual UI/Sprite/GUI.png using Guid(1eaee135ce037439d925cee5e41ce026) Importer(815301076,1909f56bfc062723c751e8b465ee728b)  -> (artifact id: '5a82d0c2124ed5cabe5b1a53d182606d') in 0.465980 seconds 
========================================================================
Received Import Request.
  Time since last request: 0.000039 seconds.
  path: Assets/UI button pack 2/Light Blue/3-up-2.png
  artifactKey: Guid(f461102775f22e54483cc2b27602728d) Importer(815301076,1909f56bfc062723c751e8b465ee728b)
Start importing Assets/UI button pack 2/Light Blue/3-up-2.png using Guid(f461102775f22e54483cc2b27602728d) Importer(815301076,1909f56bfc062723c751e8b465ee728b)  -> (artifact id: 'c68b257a5ef4ff52e09605b9f94518cc') in 0.094077 seconds 
========================================================================
Received Import Request.
  Time since last request: 0.000103 seconds.
  path: Assets/UI button pack 2/Light Blue/normal-2.png
  artifactKey: Guid(22dc363df0fd2224c9eea2fa756427f8) Importer(815301076,1909f56bfc062723c751e8b465ee728b)
Start importing Assets/UI button pack 2/Light Blue/normal-2.png using Guid(22dc363df0fd2224c9eea2fa756427f8) Importer(815301076,1909f56bfc062723c751e8b465ee728b)  -> (artifact id: '3c04e0f0d2240c23f13e12b2deb6f27c') in 0.087406 seconds 
========================================================================
Received Import Request.
  Time since last request: 0.000061 seconds.
  path: Assets/UI button pack 2/Light Blue/UNLOCK-2.png
  artifactKey: Guid(dcc1e1a3366b73a448bdf05621b43faf) Importer(815301076,1909f56bfc062723c751e8b465ee728b)
Start importing Assets/UI button pack 2/Light Blue/UNLOCK-2.png using Guid(dcc1e1a3366b73a448bdf05621b43faf) Importer(815301076,1909f56bfc062723c751e8b465ee728b)  -> (artifact id: '283398cb27c5d8a3d51351315117ab20') in 0.094935 seconds 
========================================================================
Received Import Request.
  Time since last request: 0.000031 seconds.
  path: Assets/UI button pack 2/Light Blue/MISSION-2.png
  artifactKey: Guid(dacd2fd160fa9614085c28a54b9405b0) Importer(815301076,1909f56bfc062723c751e8b465ee728b)
Start importing Assets/UI button pack 2/Light Blue/MISSION-2.png using Guid(dacd2fd160fa9614085c28a54b9405b0) Importer(815301076,1909f56bfc062723c751e8b465ee728b)  -> (artifact id: 'f7fbc17dd236ea5da811b6d0dda84a52') in 0.091272 seconds 
========================================================================
Received Import Request.
  Time since last request: 0.000034 seconds.
  path: Assets/UI button pack 2/Light Blue/left2.png
  artifactKey: Guid(61871e676ba735b44ad62e86640b0daa) Importer(815301076,1909f56bfc062723c751e8b465ee728b)
Start importing Assets/UI button pack 2/Light Blue/left2.png using Guid(61871e676ba735b44ad62e86640b0daa) Importer(815301076,1909f56bfc062723c751e8b465ee728b)  -> (artifact id: '8d3b0b1744805b7f8f5a01947a431125') in 0.084874 seconds 
========================================================================
Received Import Request.
  Time since last request: 0.000031 seconds.
  path: Assets/UI button pack 2/Light Blue/UPGRAFE-2.png
  artifactKey: Guid(289a8d17835fc2f48b2264beb221a449) Importer(815301076,1909f56bfc062723c751e8b465ee728b)
Start importing Assets/UI button pack 2/Light Blue/UPGRAFE-2.png using Guid(289a8d17835fc2f48b2264beb221a449) Importer(815301076,1909f56bfc062723c751e8b465ee728b)  -> (artifact id: '9c6c6cca147ad310dd47ae7a625237a3') in 0.082738 seconds 
========================================================================
Received Import Request.
  Time since last request: 0.000033 seconds.
  path: Assets/2D Progress Bar Toolkit/Prefabs/CircularProgressBar_270.prefab
  artifactKey: Guid(3a5b7a5c2e89046ac8dd542edf2a23d5) Importer(815301076,1909f56bfc062723c751e8b465ee728b)
Start importing Assets/2D Progress Bar Toolkit/Prefabs/CircularProgressBar_270.prefab using Guid(3a5b7a5c2e89046ac8dd542edf2a23d5) Importer(815301076,1909f56bfc062723c751e8b465ee728b)  -> (artifact id: '8858047578c17750bba3326619703e91') in 0.017355 seconds 
========================================================================
Received Import Request.
  Time since last request: 0.000029 seconds.
  path: Assets/UI button pack 2/Light Blue/hint-2.png
  artifactKey: Guid(7b70aeb786b165c4190e090c06f96afb) Importer(815301076,1909f56bfc062723c751e8b465ee728b)
Start importing Assets/UI button pack 2/Light Blue/hint-2.png using Guid(7b70aeb786b165c4190e090c06f96afb) Importer(815301076,1909f56bfc062723c751e8b465ee728b)  -> (artifact id: 'f0adaeea92f8198857d04c018ca67a46') in 0.084201 seconds 
========================================================================
Received Import Request.
  Time since last request: 0.000032 seconds.
  path: Assets/UI button pack 2/Light Blue/leadership-light.png
  artifactKey: Guid(3d72f061f696ab444b0395053c83126c) Importer(815301076,1909f56bfc062723c751e8b465ee728b)
Start importing Assets/UI button pack 2/Light Blue/leadership-light.png using Guid(3d72f061f696ab444b0395053c83126c) Importer(815301076,1909f56bfc062723c751e8b465ee728b)  -> (artifact id: '059924a2c81c9287bf0dd083d5c4b46b') in 0.083842 seconds 
========================================================================
Received Import Request.
  Time since last request: 0.000036 seconds.
  path: Assets/UI button pack 2/Light Blue/plus-2.png
  artifactKey: Guid(bb0416099863d2241b072baad4524b06) Importer(815301076,1909f56bfc062723c751e8b465ee728b)
Start importing Assets/UI button pack 2/Light Blue/plus-2.png using Guid(bb0416099863d2241b072baad4524b06) Importer(815301076,1909f56bfc062723c751e8b465ee728b)  -> (artifact id: 'ef222c786f0e698da2d914b65c0865c6') in 0.089560 seconds 
========================================================================
Received Import Request.
  Time since last request: 0.000051 seconds.
  path: Assets/UI button pack 2/Light Blue/share2.png
  artifactKey: Guid(f947016c7951f8a4fb2d25c74f31e5c8) Importer(815301076,1909f56bfc062723c751e8b465ee728b)
Start importing Assets/UI button pack 2/Light Blue/share2.png using Guid(f947016c7951f8a4fb2d25c74f31e5c8) Importer(815301076,1909f56bfc062723c751e8b465ee728b)  -> (artifact id: 'f04f4ecc2743142dcb47e1cc39b647b1') in 0.081206 seconds 
========================================================================
Received Import Request.
  Time since last request: 0.000026 seconds.
  path: Assets/UI button pack 2/Light Blue/coins2.png
  artifactKey: Guid(e79100ba70eebcc409bc0628d5a68eb7) Importer(815301076,1909f56bfc062723c751e8b465ee728b)
Start importing Assets/UI button pack 2/Light Blue/coins2.png using Guid(e79100ba70eebcc409bc0628d5a68eb7) Importer(815301076,1909f56bfc062723c751e8b465ee728b)  -> (artifact id: '4dc8e2a71cf05a256e60dd20761e8ed5') in 0.088974 seconds 
========================================================================
Received Import Request.
  Time since last request: 0.000032 seconds.
  path: Assets/UI button pack 2/Light Blue/REMOVE-MEMBERS-2.png
  artifactKey: Guid(58a59e15e1fcbfb429897a78d335c592) Importer(815301076,1909f56bfc062723c751e8b465ee728b)
Start importing Assets/UI button pack 2/Light Blue/REMOVE-MEMBERS-2.png using Guid(58a59e15e1fcbfb429897a78d335c592) Importer(815301076,1909f56bfc062723c751e8b465ee728b)  -> (artifact id: 'acf4a07e83f3b1dcd553b41fad2e2532') in 0.090452 seconds 
========================================================================
Received Import Request.
  Time since last request: 0.000027 seconds.
  path: Assets/UI button pack 2/Light Blue/right-2.png
  artifactKey: Guid(850181ce71dc2b0478e551f7c09efe93) Importer(815301076,1909f56bfc062723c751e8b465ee728b)
Start importing Assets/UI button pack 2/Light Blue/right-2.png using Guid(850181ce71dc2b0478e551f7c09efe93) Importer(815301076,1909f56bfc062723c751e8b465ee728b)  -> (artifact id: '55f50d31177109db07df385dbfb88f0d') in 0.091165 seconds 
========================================================================
Received Import Request.
  Time since last request: 0.000039 seconds.
  path: Assets/UI button pack 2/Light Blue/musicoff2.png
  artifactKey: Guid(84722d01800a809418a1dde0f1fbb036) Importer(815301076,1909f56bfc062723c751e8b465ee728b)
Start importing Assets/UI button pack 2/Light Blue/musicoff2.png using Guid(84722d01800a809418a1dde0f1fbb036) Importer(815301076,1909f56bfc062723c751e8b465ee728b)  -> (artifact id: '1c4b264f40fef69a5db09f04714599b5') in 0.129096 seconds 
========================================================================
Received Import Request.
  Time since last request: 0.000028 seconds.
  path: Assets/UI button pack 2/Light Blue/62.png
  artifactKey: Guid(63ceefd6e8a12dd4f906d604e5ca8c60) Importer(815301076,1909f56bfc062723c751e8b465ee728b)
Start importing Assets/UI button pack 2/Light Blue/62.png using Guid(63ceefd6e8a12dd4f906d604e5ca8c60) Importer(815301076,1909f56bfc062723c751e8b465ee728b)  -> (artifact id: '498fc9789b59b395a31736cca8f0c426') in 0.076408 seconds 
========================================================================
Received Import Request.
  Time since last request: 0.000030 seconds.
  path: Assets/UI button pack 2/Light Blue/minus-2.png
  artifactKey: Guid(21d9f0e9ec1acd2498ee0e447eec90d2) Importer(815301076,1909f56bfc062723c751e8b465ee728b)
Start importing Assets/UI button pack 2/Light Blue/minus-2.png using Guid(21d9f0e9ec1acd2498ee0e447eec90d2) Importer(815301076,1909f56bfc062723c751e8b465ee728b)  -> (artifact id: '85f6ca034bbeb379a9d5c5faf9a2c3e6') in 0.084829 seconds 
========================================================================
Received Import Request.
  Time since last request: 0.000051 seconds.
  path: Assets/UI button pack 2/Light Blue/82.png
  artifactKey: Guid(d5dd18c70e8859348abbf592f0e35ae1) Importer(815301076,1909f56bfc062723c751e8b465ee728b)
Start importing Assets/UI button pack 2/Light Blue/82.png using Guid(d5dd18c70e8859348abbf592f0e35ae1) Importer(815301076,1909f56bfc062723c751e8b465ee728b)  -> (artifact id: 'f6d2d5de44aead9ed04540a4adf04409') in 0.089518 seconds 
========================================================================
Received Import Request.
  Time since last request: 0.000032 seconds.
  path: Assets/UI button pack 2/Light Blue/END-2.png
  artifactKey: Guid(0794d37396db0e640ac3be223996a95b) Importer(815301076,1909f56bfc062723c751e8b465ee728b)
Start importing Assets/UI button pack 2/Light Blue/END-2.png using Guid(0794d37396db0e640ac3be223996a95b) Importer(815301076,1909f56bfc062723c751e8b465ee728b)  -> (artifact id: 'fad02a179280e81c997c1c2c4d55b5a1') in 0.091457 seconds 
========================================================================
Received Import Request.
  Time since last request: 0.000030 seconds.
  path: Assets/UI button pack 2/Light Blue/sound-2.png
  artifactKey: Guid(ead810ef88508af4f996f916335f3a72) Importer(815301076,1909f56bfc062723c751e8b465ee728b)
Start importing Assets/UI button pack 2/Light Blue/sound-2.png using Guid(ead810ef88508af4f996f916335f3a72) Importer(815301076,1909f56bfc062723c751e8b465ee728b)  -> (artifact id: '448edc61ce8cc6306233e0ffd191e624') in 0.096666 seconds 
========================================================================
Received Import Request.
  Time since last request: 0.000044 seconds.
  path: Assets/UI button pack 2/Light Blue/SEND-6.png
  artifactKey: Guid(d5a9712d7cbc29f41bfcfbd52934db7a) Importer(815301076,1909f56bfc062723c751e8b465ee728b)
Start importing Assets/UI button pack 2/Light Blue/SEND-6.png using Guid(d5a9712d7cbc29f41bfcfbd52934db7a) Importer(815301076,1909f56bfc062723c751e8b465ee728b)  -> (artifact id: 'd43c3e4aa177eeff9ce4b01ae662746c') in 0.085609 seconds 
========================================================================
Received Import Request.
  Time since last request: 0.000046 seconds.
  path: Assets/UI button pack 2/Light Blue/maximixe-2.png
  artifactKey: Guid(5a8540c7b97f10741ba3b5605e7ad306) Importer(815301076,1909f56bfc062723c751e8b465ee728b)
Start importing Assets/UI button pack 2/Light Blue/maximixe-2.png using Guid(5a8540c7b97f10741ba3b5605e7ad306) Importer(815301076,1909f56bfc062723c751e8b465ee728b)  -> (artifact id: 'db3b0ecf599ebc7e900ce07d11f25840') in 0.090147 seconds 
========================================================================
Received Import Request.
  Time since last request: 0.000026 seconds.
  path: Assets/UI button pack 2/Light Blue/medium-2.png
  artifactKey: Guid(0fef1671f93d943428d85184dac500b5) Importer(815301076,1909f56bfc062723c751e8b465ee728b)
Start importing Assets/UI button pack 2/Light Blue/medium-2.png using Guid(0fef1671f93d943428d85184dac500b5) Importer(815301076,1909f56bfc062723c751e8b465ee728b)  -> (artifact id: 'e20d7df9ae8f0452b22ce40407bbc739') in 0.087688 seconds 
========================================================================
Received Import Request.
  Time since last request: 0.000036 seconds.
  path: Assets/UI button pack 2/Light Blue/rounded-rect-2.png
  artifactKey: Guid(c11bf2b438d99c843bad4ead024d93a8) Importer(815301076,1909f56bfc062723c751e8b465ee728b)
Start importing Assets/UI button pack 2/Light Blue/rounded-rect-2.png using Guid(c11bf2b438d99c843bad4ead024d93a8) Importer(815301076,1909f56bfc062723c751e8b465ee728b)  -> (artifact id: 'cc109417c6510d280f20ca814eda0b81') in 0.036671 seconds 
========================================================================
Received Import Request.
  Time since last request: 0.000046 seconds.
  path: Assets/UI button pack 2/Light Blue/2-riight-2.png
  artifactKey: Guid(7c157e968881062469ea03d3458a5448) Importer(815301076,1909f56bfc062723c751e8b465ee728b)
Start importing Assets/UI button pack 2/Light Blue/2-riight-2.png using Guid(7c157e968881062469ea03d3458a5448) Importer(815301076,1909f56bfc062723c751e8b465ee728b)  -> (artifact id: 'd3295af129e29a6f3c88d4341d937dff') in 0.102770 seconds 
========================================================================
Received Import Request.
  Time since last request: 0.000052 seconds.
  path: Assets/UI button pack 2/Light Blue/chat2.png
  artifactKey: Guid(cb62cc6d9b22369478bccb76b7bd79ee) Importer(815301076,1909f56bfc062723c751e8b465ee728b)
Start importing Assets/UI button pack 2/Light Blue/chat2.png using Guid(cb62cc6d9b22369478bccb76b7bd79ee) Importer(815301076,1909f56bfc062723c751e8b465ee728b)  -> (artifact id: '0b4df05042ae6fcf09f5f29b9ada947e') in 0.096808 seconds 
========================================================================
Received Import Request.
  Time since last request: 0.000079 seconds.
  path: Assets/UI button pack 2/Light Blue/hard-2.png
  artifactKey: Guid(2c1572f2376ebf24e844f919cce93c90) Importer(815301076,1909f56bfc062723c751e8b465ee728b)
Start importing Assets/UI button pack 2/Light Blue/hard-2.png using Guid(2c1572f2376ebf24e844f919cce93c90) Importer(815301076,1909f56bfc062723c751e8b465ee728b)  -> (artifact id: '4864e42f6cc56ae1f9007e405e023c96') in 0.098666 seconds 
========================================================================
Received Import Request.
  Time since last request: 0.000040 seconds.
  path: Assets/UI button pack 2/Light Blue/backward-2.png
  artifactKey: Guid(da22c6c9ab513fb41b179fba127831c8) Importer(815301076,1909f56bfc062723c751e8b465ee728b)
Start importing Assets/UI button pack 2/Light Blue/backward-2.png using Guid(da22c6c9ab513fb41b179fba127831c8) Importer(815301076,1909f56bfc062723c751e8b465ee728b)  -> (artifact id: '9203f5eb3c32e6bfbf2d14335d89cd24') in 0.091554 seconds 
========================================================================
Received Import Request.
  Time since last request: 0.000056 seconds.
  path: Assets/UI button pack 2/Light Blue/1-right-2.png
  artifactKey: Guid(befa0f6bd44598d4b8566510ed30f343) Importer(815301076,1909f56bfc062723c751e8b465ee728b)
Start importing Assets/UI button pack 2/Light Blue/1-right-2.png using Guid(befa0f6bd44598d4b8566510ed30f343) Importer(815301076,1909f56bfc062723c751e8b465ee728b)  -> (artifact id: 'd4a0e8e6d8279e43b757430e6bceb61c') in 0.093734 seconds 
========================================================================
Received Import Request.
  Time since last request: 0.000035 seconds.
  path: Assets/UI button pack 2/Light Blue/photo-2.png
  artifactKey: Guid(c3e10573c72c6944da407a1e9ee877b9) Importer(815301076,1909f56bfc062723c751e8b465ee728b)
Start importing Assets/UI button pack 2/Light Blue/photo-2.png using Guid(c3e10573c72c6944da407a1e9ee877b9) Importer(815301076,1909f56bfc062723c751e8b465ee728b)  -> (artifact id: 'f0049db52ec59b752738146f4a6246b9') in 0.080909 seconds 
========================================================================
Received Import Request.
  Time since last request: 0.000026 seconds.
  path: Assets/2D Progress Bar Toolkit/Prefabs/CircularProgressBar_180.prefab
  artifactKey: Guid(de70efd27ac5e49bd8cebff8c77305f4) Importer(815301076,1909f56bfc062723c751e8b465ee728b)
Start importing Assets/2D Progress Bar Toolkit/Prefabs/CircularProgressBar_180.prefab using Guid(de70efd27ac5e49bd8cebff8c77305f4) Importer(815301076,1909f56bfc062723c751e8b465ee728b)  -> (artifact id: 'b52e11ac10c593a2e94d58e48bb168d5') in 0.014549 seconds 
========================================================================
Received Import Request.
  Time since last request: 0.000038 seconds.
  path: Assets/UI button pack 2/Light Blue/location-7.png
  artifactKey: Guid(e3819f37c4a849947ba5459dd3246c07) Importer(815301076,1909f56bfc062723c751e8b465ee728b)
Start importing Assets/UI button pack 2/Light Blue/location-7.png using Guid(e3819f37c4a849947ba5459dd3246c07) Importer(815301076,1909f56bfc062723c751e8b465ee728b)  -> (artifact id: 'ee8f02c351b6bdf3ad62bca25d947310') in 0.084355 seconds 
========================================================================
Received Import Request.
  Time since last request: 0.000047 seconds.
  path: Assets/UI button pack 2/Light Blue/7-3.png
  artifactKey: Guid(a6feeda0df9c53e41a859232828967ed) Importer(815301076,1909f56bfc062723c751e8b465ee728b)
Start importing Assets/UI button pack 2/Light Blue/7-3.png using Guid(a6feeda0df9c53e41a859232828967ed) Importer(815301076,1909f56bfc062723c751e8b465ee728b)  -> (artifact id: 'ba0e5e4395336763111feaa54d00c453') in 0.081193 seconds 
========================================================================
Received Import Request.
  Time since last request: 0.000094 seconds.
  path: Assets/UI button pack 2/Light Blue/LOCK-2.png
  artifactKey: Guid(899ad43e6540b754586ecd7bd5d60fb1) Importer(815301076,1909f56bfc062723c751e8b465ee728b)
Start importing Assets/UI button pack 2/Light Blue/LOCK-2.png using Guid(899ad43e6540b754586ecd7bd5d60fb1) Importer(815301076,1909f56bfc062723c751e8b465ee728b)  -> (artifact id: '1e28566268a1a2cdf05218d45ec82f6f') in 0.095523 seconds 
========================================================================
Received Import Request.
  Time since last request: 0.000021 seconds.
  path: Assets/UI button pack 2/Light Blue/2-left-2.png
  artifactKey: Guid(0a0e04c298212f04a855a08e73ec7615) Importer(815301076,1909f56bfc062723c751e8b465ee728b)
Start importing Assets/UI button pack 2/Light Blue/2-left-2.png using Guid(0a0e04c298212f04a855a08e73ec7615) Importer(815301076,1909f56bfc062723c751e8b465ee728b)  -> (artifact id: 'ddc750907acb97bcdec3cdbbc76671b4') in 0.085408 seconds 
========================================================================
Received Import Request.
  Time since last request: 0.000036 seconds.
  path: Assets/UI button pack 2/Light Blue/stop-2.png
  artifactKey: Guid(f3532129a954c7f42b5196bc7490cfd3) Importer(815301076,1909f56bfc062723c751e8b465ee728b)
Start importing Assets/UI button pack 2/Light Blue/stop-2.png using Guid(f3532129a954c7f42b5196bc7490cfd3) Importer(815301076,1909f56bfc062723c751e8b465ee728b)  -> (artifact id: '9b41d8b906f3a4a4867803d247752895') in 0.089493 seconds 
========================================================================
Received Import Request.
  Time since last request: 0.000049 seconds.
  path: Assets/UI button pack 2/Light Blue/42.png
  artifactKey: Guid(c95df522a7bc12d4d9b19932cc5b42e8) Importer(815301076,1909f56bfc062723c751e8b465ee728b)
Start importing Assets/UI button pack 2/Light Blue/42.png using Guid(c95df522a7bc12d4d9b19932cc5b42e8) Importer(815301076,1909f56bfc062723c751e8b465ee728b)  -> (artifact id: '0005c40755a84f3e145fbbcadb204354') in 0.078136 seconds 
========================================================================
Received Import Request.
  Time since last request: 95.555956 seconds.
  path: Assets/UI button pack 2/Red/location-9.png
  artifactKey: Guid(fd41dc0e61d8de84889620e309ba68b9) Importer(815301076,1909f56bfc062723c751e8b465ee728b)
Start importing Assets/UI button pack 2/Red/location-9.png using Guid(fd41dc0e61d8de84889620e309ba68b9) Importer(815301076,1909f56bfc062723c751e8b465ee728b)  -> (artifact id: '44eadd2a2d5bb791506919b327edf935') in 0.098461 seconds 
========================================================================
Received Import Request.
  Time since last request: 0.000042 seconds.
  path: Assets/UI button pack 2/Red/MINUS-RED.png
  artifactKey: Guid(8d51f4248dd02c649929467a344de475) Importer(815301076,1909f56bfc062723c751e8b465ee728b)
Start importing Assets/UI button pack 2/Red/MINUS-RED.png using Guid(8d51f4248dd02c649929467a344de475) Importer(815301076,1909f56bfc062723c751e8b465ee728b)  -> (artifact id: '84a8f770a5518c1c7d81b1666a0d5bd7') in 0.085659 seconds 
========================================================================
Received Import Request.
  Time since last request: 0.000052 seconds.
  path: Assets/UI button pack 2/Red/red.png
  artifactKey: Guid(21f787f8871abb843a86de660944ad8d) Importer(815301076,1909f56bfc062723c751e8b465ee728b)
Start importing Assets/UI button pack 2/Red/red.png using Guid(21f787f8871abb843a86de660944ad8d) Importer(815301076,1909f56bfc062723c751e8b465ee728b)  -> (artifact id: '7be91f57af3a4696748d9babb0ac8fe2') in 0.083451 seconds 
========================================================================
Received Import Request.
  Time since last request: 0.000041 seconds.
  path: Assets/UI button pack 2/Red/RED-SHOP.png
  artifactKey: Guid(5033d22341e888d49baf4568920995a6) Importer(815301076,1909f56bfc062723c751e8b465ee728b)
Start importing Assets/UI button pack 2/Red/RED-SHOP.png using Guid(5033d22341e888d49baf4568920995a6) Importer(815301076,1909f56bfc062723c751e8b465ee728b)  -> (artifact id: '8852fd7d8e12b052f82a55880a54065c') in 0.091175 seconds 
========================================================================
Received Import Request.
  Time since last request: 0.000041 seconds.
  path: Assets/UI button pack 2/Red/right-edge-red.png
  artifactKey: Guid(ddd37265fab463c49a9267e182a8a148) Importer(815301076,1909f56bfc062723c751e8b465ee728b)
Start importing Assets/UI button pack 2/Red/right-edge-red.png using Guid(ddd37265fab463c49a9267e182a8a148) Importer(815301076,1909f56bfc062723c751e8b465ee728b)  -> (artifact id: '78becf71f32dd3629f1b00e467123f41') in 0.041910 seconds 
========================================================================
Received Import Request.
  Time since last request: 0.000027 seconds.
  path: Assets/UI button pack 2/Red/low-red.png
  artifactKey: Guid(e3b7f141997f91a4dbb1108215d3d92e) Importer(815301076,1909f56bfc062723c751e8b465ee728b)
Start importing Assets/UI button pack 2/Red/low-red.png using Guid(e3b7f141997f91a4dbb1108215d3d92e) Importer(815301076,1909f56bfc062723c751e8b465ee728b)  -> (artifact id: 'b5ff489412222f332eeb6d6d4339ed44') in 0.100691 seconds 
========================================================================
Received Import Request.
  Time since last request: 0.000040 seconds.
  path: Assets/UI button pack 2/Red/PHOTO-RED.png
  artifactKey: Guid(542d49f029dc99543b2e70679f3aaadc) Importer(815301076,1909f56bfc062723c751e8b465ee728b)
Start importing Assets/UI button pack 2/Red/PHOTO-RED.png using Guid(542d49f029dc99543b2e70679f3aaadc) Importer(815301076,1909f56bfc062723c751e8b465ee728b)  -> (artifact id: '8146ad39c34e7b72c95a12f1ca7873ce') in 0.083658 seconds 
========================================================================
Received Import Request.
  Time since last request: 0.000058 seconds.
  path: Assets/UI button pack 2/Red/MEDIUM-RED.png
  artifactKey: Guid(a0953cd8cdeb7ec41bcefd67677f66e6) Importer(815301076,1909f56bfc062723c751e8b465ee728b)
Start importing Assets/UI button pack 2/Red/MEDIUM-RED.png using Guid(a0953cd8cdeb7ec41bcefd67677f66e6) Importer(815301076,1909f56bfc062723c751e8b465ee728b)  -> (artifact id: '90a8c42a21970002a8ea746910247b3c') in 0.082006 seconds 
========================================================================
Received Import Request.
  Time since last request: 0.000040 seconds.
  path: Assets/UI button pack 2/Red/OFFER-RED.png
  artifactKey: Guid(30edcec359ffb344d9db5e9d249219b0) Importer(815301076,1909f56bfc062723c751e8b465ee728b)
Start importing Assets/UI button pack 2/Red/OFFER-RED.png using Guid(30edcec359ffb344d9db5e9d249219b0) Importer(815301076,1909f56bfc062723c751e8b465ee728b)  -> (artifact id: '5bdc8bb9ecbddb8d588c5c53ac9bf5bc') in 0.082449 seconds 
========================================================================
Received Import Request.
  Time since last request: 0.000030 seconds.
  path: Assets/UI button pack 2/Red/pause-red.png
  artifactKey: Guid(553bd9aa850c87c4780031cdc2b3b3dd) Importer(815301076,1909f56bfc062723c751e8b465ee728b)
Start importing Assets/UI button pack 2/Red/pause-red.png using Guid(553bd9aa850c87c4780031cdc2b3b3dd) Importer(815301076,1909f56bfc062723c751e8b465ee728b)  -> (artifact id: '73c17b6b35c4b9fc7fae4226e3251736') in 0.081761 seconds 
========================================================================
Received Import Request.
  Time since last request: 0.000038 seconds.
  path: Assets/UI button pack 2/Red/PREMIUM-RED.png
  artifactKey: Guid(7014a7c0c3a48ea41895484e63ba3321) Importer(815301076,1909f56bfc062723c751e8b465ee728b)
Start importing Assets/UI button pack 2/Red/PREMIUM-RED.png using Guid(7014a7c0c3a48ea41895484e63ba3321) Importer(815301076,1909f56bfc062723c751e8b465ee728b)  -> (artifact id: '4f2ec27e23a16509bd937fec0ee36a98') in 0.102075 seconds 
========================================================================
Received Import Request.
  Time since last request: 0.000041 seconds.
  path: Assets/UI button pack 2/Red/MISSION-RED.png
  artifactKey: Guid(53d51e2f8bcef9e4f8a39a2ab0720989) Importer(815301076,1909f56bfc062723c751e8b465ee728b)
Start importing Assets/UI button pack 2/Red/MISSION-RED.png using Guid(53d51e2f8bcef9e4f8a39a2ab0720989) Importer(815301076,1909f56bfc062723c751e8b465ee728b)  -> (artifact id: '9256472e1be712ced57f4b07c3cac2af') in 0.083928 seconds 
========================================================================
Received Import Request.
  Time since last request: 0.000086 seconds.
  path: Assets/UI button pack 2/Red/menu-red.png
  artifactKey: Guid(e737ebfdedb1bd44386c4c81c4d72cda) Importer(815301076,1909f56bfc062723c751e8b465ee728b)
Start importing Assets/UI button pack 2/Red/menu-red.png using Guid(e737ebfdedb1bd44386c4c81c4d72cda) Importer(815301076,1909f56bfc062723c751e8b465ee728b)  -> (artifact id: 'd415d68fbf2935cfa8cb60088b2bd43f') in 0.083980 seconds 
========================================================================
Received Import Request.
  Time since last request: 0.000028 seconds.
  path: Assets/UI button pack 2/Red/MAIL-RED.png
  artifactKey: Guid(ca385e2b257d3a4448bbc8b41e37e422) Importer(815301076,1909f56bfc062723c751e8b465ee728b)
Start importing Assets/UI button pack 2/Red/MAIL-RED.png using Guid(ca385e2b257d3a4448bbc8b41e37e422) Importer(815301076,1909f56bfc062723c751e8b465ee728b)  -> (artifact id: '89865070ff3ac4e1c7324c8451d3eeb7') in 0.092393 seconds 
========================================================================
Received Import Request.
  Time since last request: 0.758720 seconds.
  path: Assets/UI button pack 2/Red/FREE-RED.png
  artifactKey: Guid(84417f034bcd4c242827556076a04511) Importer(815301076,1909f56bfc062723c751e8b465ee728b)
Start importing Assets/UI button pack 2/Red/FREE-RED.png using Guid(84417f034bcd4c242827556076a04511) Importer(815301076,1909f56bfc062723c751e8b465ee728b)  -> (artifact id: '46c0bf7f5f0641c373160c6f501ab445') in 0.092673 seconds 
========================================================================
Received Import Request.
  Time since last request: 0.000030 seconds.
  path: Assets/UI button pack 2/Red/heart-red.png
  artifactKey: Guid(4b187dbebf9dbc240824140ca7a93ea0) Importer(815301076,1909f56bfc062723c751e8b465ee728b)
Start importing Assets/UI button pack 2/Red/heart-red.png using Guid(4b187dbebf9dbc240824140ca7a93ea0) Importer(815301076,1909f56bfc062723c751e8b465ee728b)  -> (artifact id: '9c0d401b550d7ca355ad52582518f529') in 0.084319 seconds 
========================================================================
Received Import Request.
  Time since last request: 0.000061 seconds.
  path: Assets/UI button pack 2/Red/lederboard-r.png
  artifactKey: Guid(df2bdd2b40b0b9440973d0c489ff6101) Importer(815301076,1909f56bfc062723c751e8b465ee728b)
Start importing Assets/UI button pack 2/Red/lederboard-r.png using Guid(df2bdd2b40b0b9440973d0c489ff6101) Importer(815301076,1909f56bfc062723c751e8b465ee728b)  -> (artifact id: '7328adcf1499882b6a2a125dc7796305') in 0.089251 seconds 
========================================================================
Received Import Request.
  Time since last request: 0.000040 seconds.
  path: Assets/UI button pack 2/Red/LEFT-RED.png
  artifactKey: Guid(5432f8b8871649045ba610287d2ba424) Importer(815301076,1909f56bfc062723c751e8b465ee728b)
Start importing Assets/UI button pack 2/Red/LEFT-RED.png using Guid(5432f8b8871649045ba610287d2ba424) Importer(815301076,1909f56bfc062723c751e8b465ee728b)  -> (artifact id: '6bcd63b8222d174266db5b21611c0cab') in 0.083417 seconds 
========================================================================
Received Import Request.
  Time since last request: 0.296664 seconds.
  path: Assets/UI button pack 2/Red/round-red.png
  artifactKey: Guid(3904e109a8f83dc419a1f2e537f741e3) Importer(815301076,1909f56bfc062723c751e8b465ee728b)
Start importing Assets/UI button pack 2/Red/round-red.png using Guid(3904e109a8f83dc419a1f2e537f741e3) Importer(815301076,1909f56bfc062723c751e8b465ee728b)  -> (artifact id: 'a65744c6cef42caf9d01ae15d8520793') in 0.077679 seconds 
========================================================================
Received Import Request.
  Time since last request: 0.000034 seconds.
  path: Assets/UI button pack 2/Red/sound-off-red.png
  artifactKey: Guid(6eb4bea32889fd94fa960cab9899b28d) Importer(815301076,1909f56bfc062723c751e8b465ee728b)
Start importing Assets/UI button pack 2/Red/sound-off-red.png using Guid(6eb4bea32889fd94fa960cab9899b28d) Importer(815301076,1909f56bfc062723c751e8b465ee728b)  -> (artifact id: '4880d5d89446b76b8d8a6b5bec97e53c') in 0.084634 seconds 
========================================================================
Received Import Request.
  Time since last request: 0.000051 seconds.
  path: Assets/UI button pack 2/Red/upgarde-red.png
  artifactKey: Guid(464415490cec93343a789e381352f161) Importer(815301076,1909f56bfc062723c751e8b465ee728b)
Start importing Assets/UI button pack 2/Red/upgarde-red.png using Guid(464415490cec93343a789e381352f161) Importer(815301076,1909f56bfc062723c751e8b465ee728b)  -> (artifact id: 'ee9d3e6e5534a4002679eec15cdc9148') in 0.080323 seconds 
========================================================================
Received Import Request.
  Time since last request: 0.000036 seconds.
  path: Assets/UI button pack 2/Red/sound-red.png
  artifactKey: Guid(ea1d36101bfe06543a7ace89d0cba6cb) Importer(815301076,1909f56bfc062723c751e8b465ee728b)
Start importing Assets/UI button pack 2/Red/sound-red.png using Guid(ea1d36101bfe06543a7ace89d0cba6cb) Importer(815301076,1909f56bfc062723c751e8b465ee728b)  -> (artifact id: '17d13553b44dbe820cdec3e0df6ffc28') in 0.080593 seconds 
========================================================================
Received Import Request.
  Time since last request: 0.000034 seconds.
  path: Assets/UI button pack 2/Red/TICK-RED.png
  artifactKey: Guid(abc6b8c9ece343b4082b174d371e9490) Importer(815301076,1909f56bfc062723c751e8b465ee728b)
Start importing Assets/UI button pack 2/Red/TICK-RED.png using Guid(abc6b8c9ece343b4082b174d371e9490) Importer(815301076,1909f56bfc062723c751e8b465ee728b)  -> (artifact id: 'ed0dbca2cd1a7aa859f60868f3cc68c1') in 0.082620 seconds 
========================================================================
Received Import Request.
  Time since last request: 0.000027 seconds.
  path: Assets/UI button pack 2/Red/SEND-3.png
  artifactKey: Guid(3a7c7031e52298942b40e6937e2627ee) Importer(815301076,1909f56bfc062723c751e8b465ee728b)
Start importing Assets/UI button pack 2/Red/SEND-3.png using Guid(3a7c7031e52298942b40e6937e2627ee) Importer(815301076,1909f56bfc062723c751e8b465ee728b)  -> (artifact id: '041b151239a763343f8be401c5e1cbb4') in 0.082427 seconds 
========================================================================
Received Import Request.
  Time since last request: 0.000035 seconds.
  path: Assets/UI button pack 2/Red/SHARE-WITH-RED.png
  artifactKey: Guid(8657f3d3c9a1d5f44be77c5d3c7c563d) Importer(815301076,1909f56bfc062723c751e8b465ee728b)
Start importing Assets/UI button pack 2/Red/SHARE-WITH-RED.png using Guid(8657f3d3c9a1d5f44be77c5d3c7c563d) Importer(815301076,1909f56bfc062723c751e8b465ee728b)  -> (artifact id: 'df22a8749d3ec8a5e4ee381743962ec3') in 0.082659 seconds 
========================================================================
Received Import Request.
  Time since last request: 0.000042 seconds.
  path: Assets/UI button pack 2/Red/unlock-red.png
  artifactKey: Guid(265023f74805c6b44880dad0b60287d0) Importer(815301076,1909f56bfc062723c751e8b465ee728b)
Start importing Assets/UI button pack 2/Red/unlock-red.png using Guid(265023f74805c6b44880dad0b60287d0) Importer(815301076,1909f56bfc062723c751e8b465ee728b)  -> (artifact id: '7fdbe4e3c3b2cf14d2af6e6093ab4266') in 0.079094 seconds 
========================================================================
Received Import Request.
  Time since last request: 0.000037 seconds.
  path: Assets/UI button pack 2/Red/SHARE-RED.png
  artifactKey: Guid(f46412b89d8f3f849ad10a9b4f0ef6d7) Importer(815301076,1909f56bfc062723c751e8b465ee728b)
Start importing Assets/UI button pack 2/Red/SHARE-RED.png using Guid(f46412b89d8f3f849ad10a9b4f0ef6d7) Importer(815301076,1909f56bfc062723c751e8b465ee728b)  -> (artifact id: '40397318ba057d55913aace61d5f4082') in 0.086025 seconds 
========================================================================
Received Import Request.
  Time since last request: 0.601205 seconds.
  path: Assets/UI button pack 2/Red/DOLLAR-RED.png
  artifactKey: Guid(cabba5cdaefd8d84eb87d9cbc5c470bf) Importer(815301076,1909f56bfc062723c751e8b465ee728b)
Start importing Assets/UI button pack 2/Red/DOLLAR-RED.png using Guid(cabba5cdaefd8d84eb87d9cbc5c470bf) Importer(815301076,1909f56bfc062723c751e8b465ee728b)  -> (artifact id: '2d09e31664938e8128929aebe9179cf1') in 0.081244 seconds 
========================================================================
Received Import Request.
  Time since last request: 0.000034 seconds.
  path: Assets/UI button pack 2/Red/close-red.png
  artifactKey: Guid(897ac04d3fecfdb44b94aaf7b44d778a) Importer(815301076,1909f56bfc062723c751e8b465ee728b)
Start importing Assets/UI button pack 2/Red/close-red.png using Guid(897ac04d3fecfdb44b94aaf7b44d778a) Importer(815301076,1909f56bfc062723c751e8b465ee728b)  -> (artifact id: '2332eee36f82b5dbca1788f1c9fddfee') in 0.081758 seconds 
========================================================================
Received Import Request.
  Time since last request: 0.000040 seconds.
  path: Assets/UI button pack 2/Red/achive-red.png
  artifactKey: Guid(c342a0715ae85934d9460e5b15ce6840) Importer(815301076,1909f56bfc062723c751e8b465ee728b)
Start importing Assets/UI button pack 2/Red/achive-red.png using Guid(c342a0715ae85934d9460e5b15ce6840) Importer(815301076,1909f56bfc062723c751e8b465ee728b)  -> (artifact id: 'efd853e86aa4f80b87f6b166d5a61155') in 0.091399 seconds 
========================================================================
Received Import Request.
  Time since last request: 0.000044 seconds.
  path: Assets/UI button pack 2/Red/edge-red.png
  artifactKey: Guid(f5c9fa0ae2f032b419ead6eac5873732) Importer(815301076,1909f56bfc062723c751e8b465ee728b)
Start importing Assets/UI button pack 2/Red/edge-red.png using Guid(f5c9fa0ae2f032b419ead6eac5873732) Importer(815301076,1909f56bfc062723c751e8b465ee728b)  -> (artifact id: '70dc72a4e4ed018da42e25363d6ae6a2') in 0.042024 seconds 
========================================================================
Received Import Request.
  Time since last request: 0.000034 seconds.
  path: Assets/UI button pack 2/Red/COPY-RED.png
  artifactKey: Guid(5206fb8e842a4a7448fc285a02822f46) Importer(815301076,1909f56bfc062723c751e8b465ee728b)
Start importing Assets/UI button pack 2/Red/COPY-RED.png using Guid(5206fb8e842a4a7448fc285a02822f46) Importer(815301076,1909f56bfc062723c751e8b465ee728b)  -> (artifact id: '6e1c330e080249f9765e144f3927b8e5') in 0.088611 seconds 
========================================================================
Received Import Request.
  Time since last request: 0.000029 seconds.
  path: Assets/UI button pack 2/Red/DOWNLOAD-RED.png
  artifactKey: Guid(9dbc3da6f88a89247847c1a8a27ca811) Importer(815301076,1909f56bfc062723c751e8b465ee728b)
Start importing Assets/UI button pack 2/Red/DOWNLOAD-RED.png using Guid(9dbc3da6f88a89247847c1a8a27ca811) Importer(815301076,1909f56bfc062723c751e8b465ee728b)  -> (artifact id: '6ab62698a74751c7463ed97accf40afc') in 0.079216 seconds 
========================================================================
Received Import Request.
  Time since last request: 0.000037 seconds.
  path: Assets/UI button pack 2/Red/coins-red.png
  artifactKey: Guid(fbed004560f340740bac5eb741905035) Importer(815301076,1909f56bfc062723c751e8b465ee728b)
Start importing Assets/UI button pack 2/Red/coins-red.png using Guid(fbed004560f340740bac5eb741905035) Importer(815301076,1909f56bfc062723c751e8b465ee728b)  -> (artifact id: 'c43c4dda6f1a0f68146f4f0247a1205a') in 0.087720 seconds 
========================================================================
Received Import Request.
  Time since last request: 0.000029 seconds.
  path: Assets/UI button pack 2/Red/EDIT-RED.png
  artifactKey: Guid(1c0bc7ad7460f8640b75c24d93fa3d31) Importer(815301076,1909f56bfc062723c751e8b465ee728b)
Start importing Assets/UI button pack 2/Red/EDIT-RED.png using Guid(1c0bc7ad7460f8640b75c24d93fa3d31) Importer(815301076,1909f56bfc062723c751e8b465ee728b)  -> (artifact id: '9566ac12d568d6c49ec15983096d2630') in 0.084465 seconds 
========================================================================
Received Import Request.
  Time since last request: 0.000023 seconds.
  path: Assets/UI button pack 2/Red/1024254-rect-RED.png
  artifactKey: Guid(18e12b89c4cdce44789a489e56afdca1) Importer(815301076,1909f56bfc062723c751e8b465ee728b)
Start importing Assets/UI button pack 2/Red/1024254-rect-RED.png using Guid(18e12b89c4cdce44789a489e56afdca1) Importer(815301076,1909f56bfc062723c751e8b465ee728b)  -> (artifact id: '2b7c9b42ffb99384b5ad5c8c5021bc93') in 0.038336 seconds 
========================================================================
Received Import Request.
  Time since last request: 0.000032 seconds.
  path: Assets/UI button pack 2/Red/BACK-RED.png
  artifactKey: Guid(819caf81e49a02848be7f5684e96b95d) Importer(815301076,1909f56bfc062723c751e8b465ee728b)
Start importing Assets/UI button pack 2/Red/BACK-RED.png using Guid(819caf81e49a02848be7f5684e96b95d) Importer(815301076,1909f56bfc062723c751e8b465ee728b)  -> (artifact id: '7acceee9bf525db9fc2dd5764b9274a3') in 0.077571 seconds 
========================================================================
Received Import Request.
  Time since last request: 0.000054 seconds.
  path: Assets/UI button pack 2/Red/9-red.png
  artifactKey: Guid(32ed5291fc9d8944d8256d073f9c1602) Importer(815301076,1909f56bfc062723c751e8b465ee728b)
Start importing Assets/UI button pack 2/Red/9-red.png using Guid(32ed5291fc9d8944d8256d073f9c1602) Importer(815301076,1909f56bfc062723c751e8b465ee728b)  -> (artifact id: 'fcd5f7e6986d662c287b38c96c9bf787') in 0.081921 seconds 
========================================================================
Received Import Request.
  Time since last request: 0.000029 seconds.
  path: Assets/UI button pack 2/Red/CAMERA-RED.png
  artifactKey: Guid(3ef83675fec86c341a27759148d97769) Importer(815301076,1909f56bfc062723c751e8b465ee728b)
Start importing Assets/UI button pack 2/Red/CAMERA-RED.png using Guid(3ef83675fec86c341a27759148d97769) Importer(815301076,1909f56bfc062723c751e8b465ee728b)  -> (artifact id: '32669275c6e1cce30c22c0ae88ffb469') in 0.082295 seconds 
========================================================================
Received Import Request.
  Time since last request: 0.000033 seconds.
  path: Assets/UI button pack 2/Red/7-red.png
  artifactKey: Guid(8f127d4915c1fb142a9671d95f8ee393) Importer(815301076,1909f56bfc062723c751e8b465ee728b)
Start importing Assets/UI button pack 2/Red/7-red.png using Guid(8f127d4915c1fb142a9671d95f8ee393) Importer(815301076,1909f56bfc062723c751e8b465ee728b)  -> (artifact id: '90b8c306f40afb6d503535dca7333ba3') in 0.084446 seconds 
========================================================================
Received Import Request.
  Time since last request: 0.000025 seconds.
  path: Assets/UI button pack 2/Red/backward-red.png
  artifactKey: Guid(8728920c3f926434fba5371cd3872d4c) Importer(815301076,1909f56bfc062723c751e8b465ee728b)
Start importing Assets/UI button pack 2/Red/backward-red.png using Guid(8728920c3f926434fba5371cd3872d4c) Importer(815301076,1909f56bfc062723c751e8b465ee728b)  -> (artifact id: '22de21f8620bea92a9a781e501635b33') in 0.076319 seconds 
========================================================================
Received Import Request.
  Time since last request: 968.475918 seconds.
  path: Assets/UI button pack 2/Voilet/11-3.png
  artifactKey: Guid(1ac2dd9cea8574741a4a90e2d1cdda0c) Importer(815301076,1909f56bfc062723c751e8b465ee728b)
Start importing Assets/UI button pack 2/Voilet/11-3.png using Guid(1ac2dd9cea8574741a4a90e2d1cdda0c) Importer(815301076,1909f56bfc062723c751e8b465ee728b)  -> (artifact id: '3b05b6efb35285b11613e4fe08097186') in 0.099106 seconds 
========================================================================
Received Import Request.
  Time since last request: 0.000106 seconds.
  path: Assets/UI button pack 2/Purple/12-3.png
  artifactKey: Guid(4a1060d5c3605d940bb9b3eb9e3191ed) Importer(815301076,1909f56bfc062723c751e8b465ee728b)
Start importing Assets/UI button pack 2/Purple/12-3.png using Guid(4a1060d5c3605d940bb9b3eb9e3191ed) Importer(815301076,1909f56bfc062723c751e8b465ee728b)  -> (artifact id: '5742893eff41772c71c5a3217d7124cd') in 0.081708 seconds 
========================================================================
Received Import Request.
  Time since last request: 0.000065 seconds.
  path: Assets/BayatGames/Free Platform Game Assets/Water Animation/2D view ( Update 1.9 )/512x512/11-4x.png
  artifactKey: Guid(9d3caf56dbcefd54984b27aa87c053da) Importer(815301076,1909f56bfc062723c751e8b465ee728b)
Start importing Assets/BayatGames/Free Platform Game Assets/Water Animation/2D view ( Update 1.9 )/512x512/11-4x.png using Guid(9d3caf56dbcefd54984b27aa87c053da) Importer(815301076,1909f56bfc062723c751e8b465ee728b)  -> (artifact id: '42c266ec1878a2c9c43c70feebc1a12f') in 0.040799 seconds 
========================================================================
Received Import Request.
  Time since last request: 3.238106 seconds.
  path: Assets/UI button pack 2/Lime/13.png
  artifactKey: Guid(7e96e70737e3f99429a2ec453483b89c) Importer(815301076,1909f56bfc062723c751e8b465ee728b)
Start importing Assets/UI button pack 2/Lime/13.png using Guid(7e96e70737e3f99429a2ec453483b89c) Importer(815301076,1909f56bfc062723c751e8b465ee728b)  -> (artifact id: '6f833edd867c57e8b465eba812fbe471') in 0.073546 seconds 
========================================================================
Received Import Request.
  Time since last request: 0.000025 seconds.
  path: Assets/BayatGames/Free Platform Game Assets/Water Animation/2D view ( Update 1.9 )/128x128/13-1x.png
  artifactKey: Guid(9ea98cc38166f1841bd685d98a80eaf0) Importer(815301076,1909f56bfc062723c751e8b465ee728b)
Start importing Assets/BayatGames/Free Platform Game Assets/Water Animation/2D view ( Update 1.9 )/128x128/13-1x.png using Guid(9ea98cc38166f1841bd685d98a80eaf0) Importer(815301076,1909f56bfc062723c751e8b465ee728b)  -> (artifact id: '1aaa6d16f4d901d85540ad89cf5f11da') in 0.023050 seconds 
========================================================================
Received Import Request.
  Time since last request: 0.468699 seconds.
  path: Assets/BayatGames/Free Platform Game Assets/Water Animation/2D view ( Update 1.9 )/128x128/14-1x.png
  artifactKey: Guid(83c48acc044031b4586cd3a220adf2bc) Importer(815301076,1909f56bfc062723c751e8b465ee728b)
Start importing Assets/BayatGames/Free Platform Game Assets/Water Animation/2D view ( Update 1.9 )/128x128/14-1x.png using Guid(83c48acc044031b4586cd3a220adf2bc) Importer(815301076,1909f56bfc062723c751e8b465ee728b)  -> (artifact id: 'a5c439791c5f6c89b284a8c6fbdaf1cc') in 0.024560 seconds 
========================================================================
Received Import Request.
  Time since last request: 0.044847 seconds.
  path: Assets/BayatGames/Free Platform Game Assets/Water Animation/2D view ( Update 1.9 )/512x512/14-4x.png
  artifactKey: Guid(44ed1dc8265394043a7a0dc801c6d884) Importer(815301076,1909f56bfc062723c751e8b465ee728b)
Start importing Assets/BayatGames/Free Platform Game Assets/Water Animation/2D view ( Update 1.9 )/512x512/14-4x.png using Guid(44ed1dc8265394043a7a0dc801c6d884) Importer(815301076,1909f56bfc062723c751e8b465ee728b)  -> (artifact id: 'e40c73847d5f8b22ad79f0dfa19a81fc') in 0.039791 seconds 
========================================================================
Received Import Request.
  Time since last request: 0.009743 seconds.
  path: Assets/BayatGames/Free Platform Game Assets/Water Animation/2D view ( Update 1.9 )/256x256/15-2x.png
  artifactKey: Guid(5d173c2a58834e04fa336ade37796f14) Importer(815301076,1909f56bfc062723c751e8b465ee728b)
Start importing Assets/BayatGames/Free Platform Game Assets/Water Animation/2D view ( Update 1.9 )/256x256/15-2x.png using Guid(5d173c2a58834e04fa336ade37796f14) Importer(815301076,1909f56bfc062723c751e8b465ee728b)  -> (artifact id: 'b812ebcf5cd1bff004cec03c63bb3f1a') in 0.027564 seconds 
