Using pre-set license
Built from '2022.1/staging' branch; Version is '2022.1.14f1 (ff7e140968b4) revision 16743956'; Using compiler version '192829333'; Build Type 'Release'
OS: 'Windows 11  (10.0.22000) 64bit Core' Language: 'en' Physical Memory: 7971 MB
BatchMode: 1, IsHumanControllingUs: 0, StartBugReporterOnCrash: 0, Is64bit: 1, IsPro: 1

COMMAND LINE ARGUMENTS:
C:\Program Files\Unity\Hub\Editor\2022.1.14f1\Editor\Unity.exe
-adb2
-batchMode
-noUpm
-name
AssetImportWorker0
-projectPath
C:/Users/Joe Wyman/Documents/GitHub/DrakesAdventureGame
-logFile
Logs/AssetImportWorker0.log
-srvPort
49693
Successfully changed project path to: C:/Users/Joe Wyman/Documents/GitHub/DrakesAdventureGame
C:/Users/Joe Wyman/Documents/GitHub/DrakesAdventureGame
[UnityMemory] Configuration Parameters - Can be set up in boot.config
    "memorysetup-bucket-allocator-granularity=16"
    "memorysetup-bucket-allocator-bucket-count=8"
    "memorysetup-bucket-allocator-block-size=33554432"
    "memorysetup-bucket-allocator-block-count=8"
    "memorysetup-main-allocator-block-size=16777216"
    "memorysetup-thread-allocator-block-size=16777216"
    "memorysetup-gfx-main-allocator-block-size=16777216"
    "memorysetup-gfx-thread-allocator-block-size=16777216"
    "memorysetup-cache-allocator-block-size=4194304"
    "memorysetup-typetree-allocator-block-size=2097152"
    "memorysetup-profiler-bucket-allocator-granularity=16"
    "memorysetup-profiler-bucket-allocator-bucket-count=8"
    "memorysetup-profiler-bucket-allocator-block-size=33554432"
    "memorysetup-profiler-bucket-allocator-block-count=8"
    "memorysetup-profiler-allocator-block-size=16777216"
    "memorysetup-profiler-editor-allocator-block-size=1048576"
    "memorysetup-temp-allocator-size-main=16777216"
    "memorysetup-job-temp-allocator-block-size=2097152"
    "memorysetup-job-temp-allocator-block-size-background=1048576"
    "memorysetup-job-temp-allocator-reduction-small-platforms=262144"
    "memorysetup-temp-allocator-size-background-worker=32768"
    "memorysetup-temp-allocator-size-job-worker=262144"
    "memorysetup-temp-allocator-size-preload-manager=33554432"
    "memorysetup-temp-allocator-size-nav-mesh-worker=65536"
    "memorysetup-temp-allocator-size-audio-worker=65536"
    "memorysetup-temp-allocator-size-cloud-worker=32768"
    "memorysetup-temp-allocator-size-gi-baking-worker=262144"
    "memorysetup-temp-allocator-size-gfx=262144"
Refreshing native plugins compatible for Editor in 167.60 ms, found 3 plugins.
Preloading 0 native plugins for Editor in 0.00 ms.
Initialize engine version: 2022.1.14f1 (ff7e140968b4)
[Subsystems] Discovering subsystems at path C:/Program Files/Unity/Hub/Editor/2022.1.14f1/Editor/Data/Resources/UnitySubsystems
[Subsystems] Discovering subsystems at path C:/Users/Joe Wyman/Documents/GitHub/DrakesAdventureGame/Assets
GfxDevice: creating device client; threaded=0; jobified=0
Direct3D:
    Version:  Direct3D 11.0 [level 11.1]
    Renderer: Intel(R) Iris(R) Xe Graphics (ID=0x9a49)
    Vendor:   Intel
    VRAM:     3985 MB
    Driver:   30.0.101.1404
Initialize mono
Mono path[0] = 'C:/Program Files/Unity/Hub/Editor/2022.1.14f1/Editor/Data/Managed'
Mono path[1] = 'C:/Program Files/Unity/Hub/Editor/2022.1.14f1/Editor/Data/MonoBleedingEdge/lib/mono/unityjit-win32'
Mono config path = 'C:/Program Files/Unity/Hub/Editor/2022.1.14f1/Editor/Data/MonoBleedingEdge/etc'
Using monoOptions --debugger-agent=transport=dt_socket,embedding=1,server=y,suspend=n,address=127.0.0.1:56380
Begin MonoManager ReloadAssembly
Registering precompiled unity dll's ...
Register platform support module: C:/Program Files/Unity/Hub/Editor/2022.1.14f1/Editor/Data/PlaybackEngines/WindowsStandaloneSupport/UnityEditor.WindowsStandalone.Extensions.dll
Register platform support module: C:/Program Files/Unity/Hub/Editor/2022.1.14f1/Editor/Data/PlaybackEngines/MetroSupport/UnityEditor.UWP.Extensions.dll
Registered in 0.004698 seconds.
Native extension for UWP target not found
Native extension for WindowsStandalone target not found
Refreshing native plugins compatible for Editor in 149.07 ms, found 3 plugins.
Preloading 0 native plugins for Editor in 0.00 ms.
Mono: successfully reloaded assembly
- Completed reload, in  1.048 seconds
Domain Reload Profiling:
	ReloadAssembly (1049ms)
		BeginReloadAssembly (115ms)
			ExecutionOrderSort (0ms)
			DisableScriptedObjects (0ms)
			BackupInstance (0ms)
			ReleaseScriptingObjects (0ms)
			CreateAndSetChildDomain (1ms)
		EndReloadAssembly (715ms)
			LoadAssemblies (113ms)
			RebuildTransferFunctionScriptingTraits (0ms)
			SetupTypeCache (163ms)
				TypeCache.Initialize (162ms)
					TypeCache.ScanAssembly (160ms)
				ResolveRequiredComponents (1ms)
			ReleaseScriptCaches (0ms)
			RebuildScriptCaches (38ms)
			SetupLoadedEditorAssemblies (446ms)
				LogAssemblyErrors (0ms)
				InitializePlatformSupportModulesInManaged (10ms)
				SetLoadedEditorAssemblies (9ms)
				RefreshPlugins (149ms)
				BeforeProcessingInitializeOnLoad (2ms)
				ProcessInitializeOnLoadAttributes (200ms)
				ProcessInitializeOnLoadMethodAttributes (75ms)
				AfterProcessingInitializeOnLoad (0ms)
				EditorAssembliesLoaded (0ms)
			ExecutionOrderSort2 (0ms)
			AwakeInstancesAfterBackupRestoration (0ms)
Platform modules already initialized, skipping
Registering precompiled user dll's ...
Registered in 0.007133 seconds.
Begin MonoManager ReloadAssembly
Symbol file LoadedFromMemory doesn't match image C:\Users\Joe Wyman\Documents\GitHub\DrakesAdventureGame\Library\PackageCache\com.unity.visualscripting@1.7.8\Editor\VisualScripting.Core\Dependencies\YamlDotNet\Unity.VisualScripting.YamlDotNet.dll
Symbol file LoadedFromMemory doesn't match image C:\Users\Joe Wyman\Documents\GitHub\DrakesAdventureGame\Library\PackageCache\com.unity.visualscripting@1.7.8\Editor\VisualScripting.Core\Dependencies\DotNetZip\Unity.VisualScripting.IonicZip.dll
Native extension for UWP target not found
Native extension for WindowsStandalone target not found
Refreshing native plugins compatible for Editor in 1.19 ms, found 3 plugins.
Preloading 0 native plugins for Editor in 0.00 ms.
Mono: successfully reloaded assembly
- Completed reload, in  1.574 seconds
Domain Reload Profiling:
	ReloadAssembly (1575ms)
		BeginReloadAssembly (166ms)
			ExecutionOrderSort (0ms)
			DisableScriptedObjects (7ms)
			BackupInstance (0ms)
			ReleaseScriptingObjects (0ms)
			CreateAndSetChildDomain (26ms)
		EndReloadAssembly (1227ms)
			LoadAssemblies (116ms)
			RebuildTransferFunctionScriptingTraits (0ms)
			SetupTypeCache (344ms)
				TypeCache.Initialize (336ms)
					TypeCache.ScanAssembly (329ms)
				ResolveRequiredComponents (7ms)
			ReleaseScriptCaches (1ms)
			RebuildScriptCaches (80ms)
			SetupLoadedEditorAssemblies (630ms)
				LogAssemblyErrors (0ms)
				InitializePlatformSupportModulesInManaged (9ms)
				SetLoadedEditorAssemblies (9ms)
				RefreshPlugins (1ms)
				BeforeProcessingInitializeOnLoad (107ms)
				ProcessInitializeOnLoadAttributes (456ms)
				ProcessInitializeOnLoadMethodAttributes (41ms)
				AfterProcessingInitializeOnLoad (7ms)
				EditorAssembliesLoaded (0ms)
			ExecutionOrderSort2 (0ms)
			AwakeInstancesAfterBackupRestoration (12ms)
Platform modules already initialized, skipping
========================================================================
Worker process is ready to serve import requests
Launched and connected shader compiler UnityShaderCompiler.exe after 0.07 seconds
Refreshing native plugins compatible for Editor in 1.14 ms, found 3 plugins.
Preloading 0 native plugins for Editor in 0.00 ms.
Unloading 3334 Unused Serialized files (Serialized files now loaded: 0)
Unloading 27 unused Assets / (64.6 KB). Loaded Objects now: 3814.
Memory consumption went from 0.52 GB to 0.52 GB.
Total: 4.490000 ms (FindLiveObjects: 0.337100 ms CreateObjectMapping: 0.126300 ms MarkObjects: 3.882800 ms  DeleteObjects: 0.141400 ms)

AssetImportParameters requested are different than current active one (requested -> active):
  custom:video-decoder-ogg-theora: a1e56fd34408186e4bbccfd4996cb3dc -> 
  custom:container-muxer-webm: aa71ff27fc2769a1b78a27578f13a17b -> 
  custom:container-demuxer-webm: 4f35f7cbe854078d1ac9338744f61a02 -> 
  custom:video-encoder-webm-vp8: eb34c28f22e8b96e1ab97ce403110664 -> 
  custom:audio-encoder-webm-vorbis: bf7c407c2cedff20999df2af8eb42d56 -> 
  custom:framework-win-MediaFoundation: 216162199b28c13a410421893ffa2e32 -> 
  custom:container-demuxer-ogg: 62fdf1f143b41e24485cea50d1cbac27 -> 
  custom:video-decoder-webm-vp8: 9c59270c3fd7afecdb556c50c9e8de78 -> 
  custom:audio-decoder-ogg-vorbis: bf7c407c2cedff20999df2af8eb42d56 -> 
========================================================================
Received Import Request.
  Time since last request: 513202.232716 seconds.
  path: Assets/UI button pack 2/Light Blue/ok-2.png
  artifactKey: Guid(1875e873f6e5fe34387ff4ecc18ceb54) Importer(815301076,1909f56bfc062723c751e8b465ee728b)
Start importing Assets/UI button pack 2/Light Blue/ok-2.png using Guid(1875e873f6e5fe34387ff4ecc18ceb54) Importer(815301076,1909f56bfc062723c751e8b465ee728b)  -> (artifact id: '86e15122c00f02465ac69dead26ceaec') in 0.276834 seconds 
========================================================================
Received Import Request.
  Time since last request: 0.000046 seconds.
  path: Assets/UI button pack 2/Light Blue/FREE-2.png
  artifactKey: Guid(e3b53fa477d752c43af238f34e6313bf) Importer(815301076,1909f56bfc062723c751e8b465ee728b)
Start importing Assets/UI button pack 2/Light Blue/FREE-2.png using Guid(e3b53fa477d752c43af238f34e6313bf) Importer(815301076,1909f56bfc062723c751e8b465ee728b)  -> (artifact id: '91ac4f25819ea5218413c03938750519') in 0.142297 seconds 
========================================================================
Received Import Request.
  Time since last request: 0.000051 seconds.
  path: Assets/UI button pack 2/Light Blue/02.png
  artifactKey: Guid(713484cd27997ba47a52613abbea80a5) Importer(815301076,1909f56bfc062723c751e8b465ee728b)
Start importing Assets/UI button pack 2/Light Blue/02.png using Guid(713484cd27997ba47a52613abbea80a5) Importer(815301076,1909f56bfc062723c751e8b465ee728b)  -> (artifact id: '9a8485c7c45c3746f47d52033ea6f5ee') in 0.102859 seconds 
========================================================================
Received Import Request.
  Time since last request: 0.000036 seconds.
  path: Assets/UI button pack 2/Light Blue/2.png
  artifactKey: Guid(0b312c11a9cac6a4895de5ecfd899879) Importer(815301076,1909f56bfc062723c751e8b465ee728b)
Start importing Assets/UI button pack 2/Light Blue/2.png using Guid(0b312c11a9cac6a4895de5ecfd899879) Importer(815301076,1909f56bfc062723c751e8b465ee728b)  -> (artifact id: '325228da04fa7d3a7243f7878b50dfde') in 0.084776 seconds 
========================================================================
Received Import Request.
  Time since last request: 0.000031 seconds.
  path: Assets/UI button pack 2/Light Blue/2-up-2.png
  artifactKey: Guid(70f6684d19e5c844d9bddc52af8cc1b7) Importer(815301076,1909f56bfc062723c751e8b465ee728b)
Start importing Assets/UI button pack 2/Light Blue/2-up-2.png using Guid(70f6684d19e5c844d9bddc52af8cc1b7) Importer(815301076,1909f56bfc062723c751e8b465ee728b)  -> (artifact id: 'b907a74c75ecf4f540054c785611e0d2') in 0.085790 seconds 
========================================================================
Received Import Request.
  Time since last request: 0.000034 seconds.
  path: Assets/UI button pack 2/Light Blue/tick-2.png
  artifactKey: Guid(adc390a3c40be0741bf2ea5d39def97a) Importer(815301076,1909f56bfc062723c751e8b465ee728b)
Start importing Assets/UI button pack 2/Light Blue/tick-2.png using Guid(adc390a3c40be0741bf2ea5d39def97a) Importer(815301076,1909f56bfc062723c751e8b465ee728b)  -> (artifact id: '0d70d2dc346bcd1170fe08114fb3dbdb') in 0.087901 seconds 
========================================================================
Received Import Request.
  Time since last request: 0.000022 seconds.
  path: Assets/UI button pack 2/Light Blue/low-2.png
  artifactKey: Guid(bbd10ca31ddf1c947bd02d11328ff5ed) Importer(815301076,1909f56bfc062723c751e8b465ee728b)
Start importing Assets/UI button pack 2/Light Blue/low-2.png using Guid(bbd10ca31ddf1c947bd02d11328ff5ed) Importer(815301076,1909f56bfc062723c751e8b465ee728b)  -> (artifact id: '54592dc7b5268e8a7dbb1524c78beaa2') in 0.078169 seconds 
========================================================================
Received Import Request.
  Time since last request: 0.000032 seconds.
  path: Assets/UI button pack 2/Light Blue/share-with-people-2.png
  artifactKey: Guid(88b451b84138e6b4d9f22ea594263c26) Importer(815301076,1909f56bfc062723c751e8b465ee728b)
Start importing Assets/UI button pack 2/Light Blue/share-with-people-2.png using Guid(88b451b84138e6b4d9f22ea594263c26) Importer(815301076,1909f56bfc062723c751e8b465ee728b)  -> (artifact id: '014fa5c186d6afc93dd605459cdc3608') in 0.103211 seconds 
========================================================================
Received Import Request.
  Time since last request: 0.000026 seconds.
  path: Assets/UI button pack 2/Light Blue/LEFT-EDGE-2.png
  artifactKey: Guid(2aba0740f2d58c04283cc0e79244619c) Importer(815301076,1909f56bfc062723c751e8b465ee728b)
Start importing Assets/UI button pack 2/Light Blue/LEFT-EDGE-2.png using Guid(2aba0740f2d58c04283cc0e79244619c) Importer(815301076,1909f56bfc062723c751e8b465ee728b)  -> (artifact id: '77fd2a2d678c0670984ba369502482e3') in 0.030243 seconds 
========================================================================
Received Import Request.
  Time since last request: 0.000044 seconds.
  path: Assets/UI button pack 2/Light Blue/edge-2.png
  artifactKey: Guid(89330c1cb85786d48b43c83d6e7b60dc) Importer(815301076,1909f56bfc062723c751e8b465ee728b)
Start importing Assets/UI button pack 2/Light Blue/edge-2.png using Guid(89330c1cb85786d48b43c83d6e7b60dc) Importer(815301076,1909f56bfc062723c751e8b465ee728b)  -> (artifact id: '36d02d842c599f8c4e877e4de2c985f2') in 0.044710 seconds 
========================================================================
Received Import Request.
  Time since last request: 0.000050 seconds.
  path: Assets/UI button pack 2/Light Blue/3-left-2.png
  artifactKey: Guid(db409deddccec054cb00bcd43069937e) Importer(815301076,1909f56bfc062723c751e8b465ee728b)
Start importing Assets/UI button pack 2/Light Blue/3-left-2.png using Guid(db409deddccec054cb00bcd43069937e) Importer(815301076,1909f56bfc062723c751e8b465ee728b)  -> (artifact id: 'b6e320d8bb3b16ec4c24327b7dcdbc21') in 0.090846 seconds 
========================================================================
Received Import Request.
  Time since last request: 0.000030 seconds.
  path: Assets/UI button pack 2/Light Blue/72.png
  artifactKey: Guid(5d0f3d7295543e043a5870d29d9bddc0) Importer(815301076,1909f56bfc062723c751e8b465ee728b)
Start importing Assets/UI button pack 2/Light Blue/72.png using Guid(5d0f3d7295543e043a5870d29d9bddc0) Importer(815301076,1909f56bfc062723c751e8b465ee728b)  -> (artifact id: 'b9b7d0985ac25198965676d82cda6063') in 0.084286 seconds 
========================================================================
Received Import Request.
  Time since last request: 0.000037 seconds.
  path: Assets/UI button pack 2/Light Blue/copy-2.png
  artifactKey: Guid(acbe96c945e3e45419b0e89c763abfe3) Importer(815301076,1909f56bfc062723c751e8b465ee728b)
Start importing Assets/UI button pack 2/Light Blue/copy-2.png using Guid(acbe96c945e3e45419b0e89c763abfe3) Importer(815301076,1909f56bfc062723c751e8b465ee728b)  -> (artifact id: '26667a015527c92f05a679a8df179a4a') in 0.081824 seconds 
========================================================================
Received Import Request.
  Time since last request: 0.000033 seconds.
  path: Assets/UI button pack 2/Light Blue/EASY-2.png
  artifactKey: Guid(14e9fcf2a302a0446b9f6a6869fd5620) Importer(815301076,1909f56bfc062723c751e8b465ee728b)
Start importing Assets/UI button pack 2/Light Blue/EASY-2.png using Guid(14e9fcf2a302a0446b9f6a6869fd5620) Importer(815301076,1909f56bfc062723c751e8b465ee728b)  -> (artifact id: '56f318a80ce8f23c067eca356f050859') in 0.082963 seconds 
========================================================================
Received Import Request.
  Time since last request: 0.000029 seconds.
  path: Assets/UI button pack 2/Light Blue/empty-heart-2.png
  artifactKey: Guid(cb674e0094cfecb44b4f34bb61cbeb8a) Importer(815301076,1909f56bfc062723c751e8b465ee728b)
Start importing Assets/UI button pack 2/Light Blue/empty-heart-2.png using Guid(cb674e0094cfecb44b4f34bb61cbeb8a) Importer(815301076,1909f56bfc062723c751e8b465ee728b)  -> (artifact id: '7a7fae5c68398c6ee4b7abe12152c8a7') in 0.081204 seconds 
========================================================================
Received Import Request.
  Time since last request: 0.000029 seconds.
  path: Assets/UI button pack 2/Light Blue/32.png
  artifactKey: Guid(dd87d94cba7f7b340b88402b38520119) Importer(815301076,1909f56bfc062723c751e8b465ee728b)
Start importing Assets/UI button pack 2/Light Blue/32.png using Guid(dd87d94cba7f7b340b88402b38520119) Importer(815301076,1909f56bfc062723c751e8b465ee728b)  -> (artifact id: 'bfca220981dcf92ced1fb520943a5a9f') in 0.082663 seconds 
========================================================================
Received Import Request.
  Time since last request: 0.000067 seconds.
  path: Assets/UI button pack 2/Light Blue/12.png
  artifactKey: Guid(c33febccfa36b8d499fa02e0b73869ef) Importer(815301076,1909f56bfc062723c751e8b465ee728b)
Start importing Assets/UI button pack 2/Light Blue/12.png using Guid(c33febccfa36b8d499fa02e0b73869ef) Importer(815301076,1909f56bfc062723c751e8b465ee728b)  -> (artifact id: '62b43e8cc4ff1fc32345e9eb189515ce') in 0.080351 seconds 
========================================================================
Received Import Request.
  Time since last request: 0.000042 seconds.
  path: Assets/UI button pack 2/Light Blue/3-right-2.png
  artifactKey: Guid(1980f988bb88ce74d9e89284d39ccae2) Importer(815301076,1909f56bfc062723c751e8b465ee728b)
Start importing Assets/UI button pack 2/Light Blue/3-right-2.png using Guid(1980f988bb88ce74d9e89284d39ccae2) Importer(815301076,1909f56bfc062723c751e8b465ee728b)  -> (artifact id: '146f293475cdec31dd43d8545e5d7625') in 0.100361 seconds 
========================================================================
Received Import Request.
  Time since last request: 0.000030 seconds.
  path: Assets/2D Progress Bar Toolkit/Prefabs/CircularProgressBar_360.prefab
  artifactKey: Guid(0a0f1751d9b2c4855814f431fbe71c51) Importer(815301076,1909f56bfc062723c751e8b465ee728b)
Start importing Assets/2D Progress Bar Toolkit/Prefabs/CircularProgressBar_360.prefab using Guid(0a0f1751d9b2c4855814f431fbe71c51) Importer(815301076,1909f56bfc062723c751e8b465ee728b)  -> (artifact id: '06cc2035d08bed4ba227496fbca256fb') in 0.031499 seconds 
========================================================================
Received Import Request.
  Time since last request: 0.000029 seconds.
  path: Assets/UI button pack 2/Light Blue/minimize-2.png
  artifactKey: Guid(6afcf51a12f5b7549906ede7f6e39759) Importer(815301076,1909f56bfc062723c751e8b465ee728b)
Start importing Assets/UI button pack 2/Light Blue/minimize-2.png using Guid(6afcf51a12f5b7549906ede7f6e39759) Importer(815301076,1909f56bfc062723c751e8b465ee728b)  -> (artifact id: '783a64315e61dd4ca8ed057e142d3d6f') in 0.088742 seconds 
========================================================================
Received Import Request.
  Time since last request: 0.000053 seconds.
  path: Assets/UI button pack 2/Light Blue/2-down-2.png
  artifactKey: Guid(8a6d4cffe9edab04aa1303710b67da55) Importer(815301076,1909f56bfc062723c751e8b465ee728b)
Start importing Assets/UI button pack 2/Light Blue/2-down-2.png using Guid(8a6d4cffe9edab04aa1303710b67da55) Importer(815301076,1909f56bfc062723c751e8b465ee728b)  -> (artifact id: 'c8507977e53709847cfc97769e8ba9cd') in 0.087835 seconds 
========================================================================
Received Import Request.
  Time since last request: 0.000079 seconds.
  path: Assets/UI button pack 2/Light Blue/heart2.png
  artifactKey: Guid(a1f7fc16a25cff846accbfbaea4e775f) Importer(815301076,1909f56bfc062723c751e8b465ee728b)
Start importing Assets/UI button pack 2/Light Blue/heart2.png using Guid(a1f7fc16a25cff846accbfbaea4e775f) Importer(815301076,1909f56bfc062723c751e8b465ee728b)  -> (artifact id: '03d8338bdbad9fe8b269afb32e44e578') in 0.090172 seconds 
========================================================================
Received Import Request.
  Time since last request: 0.000044 seconds.
  path: Assets/UI button pack 2/Light Blue/forward-2.png
  artifactKey: Guid(d27da72c39a5f8a4fbedfedc6190da7c) Importer(815301076,1909f56bfc062723c751e8b465ee728b)
Start importing Assets/UI button pack 2/Light Blue/forward-2.png using Guid(d27da72c39a5f8a4fbedfedc6190da7c) Importer(815301076,1909f56bfc062723c751e8b465ee728b)  -> (artifact id: '8d02a5b52e8f2fce1ca9dc3f539ea915') in 0.092769 seconds 
========================================================================
Received Import Request.
  Time since last request: 0.000035 seconds.
  path: Assets/UI button pack 2/Light Blue/cmaera-2.png
  artifactKey: Guid(4aa5c924bc33ba142a86949b29526657) Importer(815301076,1909f56bfc062723c751e8b465ee728b)
Start importing Assets/UI button pack 2/Light Blue/cmaera-2.png using Guid(4aa5c924bc33ba142a86949b29526657) Importer(815301076,1909f56bfc062723c751e8b465ee728b)  -> (artifact id: 'c9ffc3bbc9e9eec9ba905f1bbff063f2') in 0.099787 seconds 
========================================================================
Received Import Request.
  Time since last request: 0.000046 seconds.
  path: Assets/UI button pack 2/Light Blue/close-2.png
  artifactKey: Guid(9e00fdd6d504bb9458e86e513add8034) Importer(815301076,1909f56bfc062723c751e8b465ee728b)
Start importing Assets/UI button pack 2/Light Blue/close-2.png using Guid(9e00fdd6d504bb9458e86e513add8034) Importer(815301076,1909f56bfc062723c751e8b465ee728b)  -> (artifact id: '7169f6a85a19669114f8d2f78881166c') in 0.090455 seconds 
========================================================================
Received Import Request.
  Time since last request: 0.000040 seconds.
  path: Assets/UI button pack 2/Light Blue/OFFER-2.png
  artifactKey: Guid(898b9bc0f6651214195a172fb0b28c61) Importer(815301076,1909f56bfc062723c751e8b465ee728b)
Start importing Assets/UI button pack 2/Light Blue/OFFER-2.png using Guid(898b9bc0f6651214195a172fb0b28c61) Importer(815301076,1909f56bfc062723c751e8b465ee728b)  -> (artifact id: '1a6ccdbfac431e532c48ad5a0e716336') in 0.086455 seconds 
========================================================================
Received Import Request.
  Time since last request: 0.000028 seconds.
  path: Assets/UI button pack 2/Light Blue/info-2.png
  artifactKey: Guid(dfe8389253f5dcc47915af17b650a8e2) Importer(815301076,1909f56bfc062723c751e8b465ee728b)
Start importing Assets/UI button pack 2/Light Blue/info-2.png using Guid(dfe8389253f5dcc47915af17b650a8e2) Importer(815301076,1909f56bfc062723c751e8b465ee728b)  -> (artifact id: '90e9e909dd2ef9c87f441335df059b26') in 0.084061 seconds 
========================================================================
Received Import Request.
  Time since last request: 0.000035 seconds.
  path: Assets/UI button pack 2/Light Blue/achive-2.png
  artifactKey: Guid(a978613abf25b134ea91305b05fb2b07) Importer(815301076,1909f56bfc062723c751e8b465ee728b)
Start importing Assets/UI button pack 2/Light Blue/achive-2.png using Guid(a978613abf25b134ea91305b05fb2b07) Importer(815301076,1909f56bfc062723c751e8b465ee728b)  -> (artifact id: '3fb50bc1dde923ed792d55b95151c7f9') in 0.092285 seconds 
========================================================================
Received Import Request.
  Time since last request: 0.000042 seconds.
  path: Assets/UI button pack 2/Light Blue/dolllar-2.png
  artifactKey: Guid(e54741ca709b5344d9bde63846bb4ddc) Importer(815301076,1909f56bfc062723c751e8b465ee728b)
Start importing Assets/UI button pack 2/Light Blue/dolllar-2.png using Guid(e54741ca709b5344d9bde63846bb4ddc) Importer(815301076,1909f56bfc062723c751e8b465ee728b)  -> (artifact id: 'e7db5ce64d150c3bc4bee8e2382aca4a') in 0.088617 seconds 
========================================================================
Received Import Request.
  Time since last request: 0.000053 seconds.
  path: Assets/2D Progress Bar Toolkit/Prefabs/ProgressBar.prefab
  artifactKey: Guid(827d26cc5a5a043df95578c9a022dead) Importer(815301076,1909f56bfc062723c751e8b465ee728b)
Start importing Assets/2D Progress Bar Toolkit/Prefabs/ProgressBar.prefab using Guid(827d26cc5a5a043df95578c9a022dead) Importer(815301076,1909f56bfc062723c751e8b465ee728b)  -> (artifact id: 'a8afe39f565f3f23410fd87b8cd47a6b') in 0.014491 seconds 
========================================================================
Received Import Request.
  Time since last request: 0.000030 seconds.
  path: Assets/UI button pack 2/Light Blue/premuim-2.png
  artifactKey: Guid(297b3686e70dd8e4c831f8586002ae7b) Importer(815301076,1909f56bfc062723c751e8b465ee728b)
Start importing Assets/UI button pack 2/Light Blue/premuim-2.png using Guid(297b3686e70dd8e4c831f8586002ae7b) Importer(815301076,1909f56bfc062723c751e8b465ee728b)  -> (artifact id: 'c2fbeae398ffe08bf2232c91d0889916') in 0.088944 seconds 
========================================================================
Received Import Request.
  Time since last request: 0.000033 seconds.
  path: Assets/UI button pack 2/Light Blue/widescreen-2.png
  artifactKey: Guid(9b42066430f488f41a4d920a114c7ec9) Importer(815301076,1909f56bfc062723c751e8b465ee728b)
Start importing Assets/UI button pack 2/Light Blue/widescreen-2.png using Guid(9b42066430f488f41a4d920a114c7ec9) Importer(815301076,1909f56bfc062723c751e8b465ee728b)  -> (artifact id: 'f79cb4fb0e2c56cd050905521ddb45b0') in 0.085279 seconds 
========================================================================
Received Import Request.
  Time since last request: 0.000035 seconds.
  path: Assets/UI button pack 2/Light Blue/download-2.png
  artifactKey: Guid(85231c792230bc14c91f18911369558f) Importer(815301076,1909f56bfc062723c751e8b465ee728b)
Start importing Assets/UI button pack 2/Light Blue/download-2.png using Guid(85231c792230bc14c91f18911369558f) Importer(815301076,1909f56bfc062723c751e8b465ee728b)  -> (artifact id: '3677ad455ac841c79e9b85b5c0dd9222') in 0.090498 seconds 
========================================================================
Received Import Request.
  Time since last request: 0.000056 seconds.
  path: Assets/2D Progress Bar Toolkit/Prefabs/CircularProgressBar_Super.prefab
  artifactKey: Guid(c40254854d2b041af98be19b28a2bb14) Importer(815301076,1909f56bfc062723c751e8b465ee728b)
Start importing Assets/2D Progress Bar Toolkit/Prefabs/CircularProgressBar_Super.prefab using Guid(c40254854d2b041af98be19b28a2bb14) Importer(815301076,1909f56bfc062723c751e8b465ee728b)  -> (artifact id: 'ec7a99325c4638146489c5cdd135a5d0') in 0.013845 seconds 
========================================================================
Received Import Request.
  Time since last request: 0.000034 seconds.
  path: Assets/UI button pack 2/Light Blue/menu-2.png
  artifactKey: Guid(63c62f52091a08d49bcfa9687f64c2b9) Importer(815301076,1909f56bfc062723c751e8b465ee728b)
Start importing Assets/UI button pack 2/Light Blue/menu-2.png using Guid(63c62f52091a08d49bcfa9687f64c2b9) Importer(815301076,1909f56bfc062723c751e8b465ee728b)  -> (artifact id: '10ac57d6ba848b7f4931672769290ad1') in 0.083692 seconds 
========================================================================
Received Import Request.
  Time since last request: 0.000031 seconds.
  path: Assets/2D Casual UI/Original Artwork/GUI.psd
  artifactKey: Guid(836eca08b5e3b4550a4538c2238266fd) Importer(815301076,1909f56bfc062723c751e8b465ee728b)
Start importing Assets/2D Casual UI/Original Artwork/GUI.psd using Guid(836eca08b5e3b4550a4538c2238266fd) Importer(815301076,1909f56bfc062723c751e8b465ee728b)  -> (artifact id: '8e2e672c732743b9bf0a28c7a82ff3a6') in 0.273355 seconds 
========================================================================
Received Import Request.
  Time since last request: 0.000035 seconds.
  path: Assets/UI button pack 2/Light Blue/ROUND-3.png
  artifactKey: Guid(f6917d65b55f08a4ebe482e025b1ccfb) Importer(815301076,1909f56bfc062723c751e8b465ee728b)
Start importing Assets/UI button pack 2/Light Blue/ROUND-3.png using Guid(f6917d65b55f08a4ebe482e025b1ccfb) Importer(815301076,1909f56bfc062723c751e8b465ee728b)  -> (artifact id: '463cd3a16a2c41d18a78de4f7ca97fdf') in 0.087358 seconds 
========================================================================
Received Import Request.
  Time since last request: 0.000059 seconds.
  path: Assets/UI button pack 2/Light Blue/ADD-MEMBERS-2.png
  artifactKey: Guid(77a01015265e6df4293c5f0a284c6fe9) Importer(815301076,1909f56bfc062723c751e8b465ee728b)
Start importing Assets/UI button pack 2/Light Blue/ADD-MEMBERS-2.png using Guid(77a01015265e6df4293c5f0a284c6fe9) Importer(815301076,1909f56bfc062723c751e8b465ee728b)  -> (artifact id: '5de04d04b7a3e8dcc77bd377b5212242') in 0.092105 seconds 
========================================================================
Received Import Request.
  Time since last request: 0.000026 seconds.
  path: Assets/UI button pack 2/Light Blue/3-down-2.png
  artifactKey: Guid(14b1ef82875eb2141a7f681b8dca4e55) Importer(815301076,1909f56bfc062723c751e8b465ee728b)
Start importing Assets/UI button pack 2/Light Blue/3-down-2.png using Guid(14b1ef82875eb2141a7f681b8dca4e55) Importer(815301076,1909f56bfc062723c751e8b465ee728b)  -> (artifact id: 'a697422cd218d3e20bedac824fe7b733') in 0.104763 seconds 
========================================================================
Received Import Request.
  Time since last request: 0.000028 seconds.
  path: Assets/UI button pack 2/Light Blue/retry-2.png
  artifactKey: Guid(81252697fdfbed84d8486374243ec21e) Importer(815301076,1909f56bfc062723c751e8b465ee728b)
Start importing Assets/UI button pack 2/Light Blue/retry-2.png using Guid(81252697fdfbed84d8486374243ec21e) Importer(815301076,1909f56bfc062723c751e8b465ee728b)  -> (artifact id: 'a8ec309d28b96b564e70f1fe2cd28aad') in 0.092859 seconds 
========================================================================
Received Import Request.
  Time since last request: 0.000042 seconds.
  path: Assets/UI button pack 2/Light Blue/line-7.png
  artifactKey: Guid(65932b0b6369bb24487d04cd59ed8d78) Importer(815301076,1909f56bfc062723c751e8b465ee728b)
Start importing Assets/UI button pack 2/Light Blue/line-7.png using Guid(65932b0b6369bb24487d04cd59ed8d78) Importer(815301076,1909f56bfc062723c751e8b465ee728b)  -> (artifact id: '94782bf66039349cf7e569c11677c4a2') in 0.089567 seconds 
========================================================================
Received Import Request.
  Time since last request: 0.000032 seconds.
  path: Assets/UI button pack 2/Light Blue/SKIP-2.png
  artifactKey: Guid(27d9a381faacc0747bd90ee86420c76f) Importer(815301076,1909f56bfc062723c751e8b465ee728b)
Start importing Assets/UI button pack 2/Light Blue/SKIP-2.png using Guid(27d9a381faacc0747bd90ee86420c76f) Importer(815301076,1909f56bfc062723c751e8b465ee728b)  -> (artifact id: 'a042e4f25957b8eda72620eed67b5c31') in 0.090474 seconds 
========================================================================
Received Import Request.
  Time since last request: 0.000030 seconds.
  path: Assets/UI button pack 2/Light Blue/delete-2.png
  artifactKey: Guid(15de0d0e54f658448b03a6df277b26c4) Importer(815301076,1909f56bfc062723c751e8b465ee728b)
Start importing Assets/UI button pack 2/Light Blue/delete-2.png using Guid(15de0d0e54f658448b03a6df277b26c4) Importer(815301076,1909f56bfc062723c751e8b465ee728b)  -> (artifact id: 'cc28d36ee1d7302bc0010f3282b79416') in 0.089289 seconds 
========================================================================
Received Import Request.
  Time since last request: 0.000040 seconds.
  path: Assets/UI button pack 2/Light Blue/reawards-2.png
  artifactKey: Guid(7a2e119a4d103b1468f25a918faa4f71) Importer(815301076,1909f56bfc062723c751e8b465ee728b)
Start importing Assets/UI button pack 2/Light Blue/reawards-2.png using Guid(7a2e119a4d103b1468f25a918faa4f71) Importer(815301076,1909f56bfc062723c751e8b465ee728b)  -> (artifact id: '13ec7aca8ac0720b856811ea668f96de') in 0.090996 seconds 
========================================================================
Received Import Request.
  Time since last request: 0.000044 seconds.
  path: Assets/UI button pack 2/Light Blue/redeem-2.png
  artifactKey: Guid(8e043d40b4a47cf4ca19936138374787) Importer(815301076,1909f56bfc062723c751e8b465ee728b)
Start importing Assets/UI button pack 2/Light Blue/redeem-2.png using Guid(8e043d40b4a47cf4ca19936138374787) Importer(815301076,1909f56bfc062723c751e8b465ee728b)  -> (artifact id: '54447c170050aa9757bff7d15d5c5cc0') in 0.092758 seconds 
========================================================================
Received Import Request.
  Time since last request: 0.000031 seconds.
  path: Assets/UI button pack 2/Light Blue/CONTINUE-2.png
  artifactKey: Guid(7f8fc0378d8fb05418b2688c676a1fd4) Importer(815301076,1909f56bfc062723c751e8b465ee728b)
Start importing Assets/UI button pack 2/Light Blue/CONTINUE-2.png using Guid(7f8fc0378d8fb05418b2688c676a1fd4) Importer(815301076,1909f56bfc062723c751e8b465ee728b)  -> (artifact id: 'a349bf65e4586f959ee332606a61c502') in 0.102413 seconds 
========================================================================
Received Import Request.
  Time since last request: 0.000040 seconds.
  path: Assets/UI button pack 2/Light Blue/RIGHT-EDGE-2.png
  artifactKey: Guid(fb1ab752599c70c468c49376ee76d00f) Importer(815301076,1909f56bfc062723c751e8b465ee728b)
Start importing Assets/UI button pack 2/Light Blue/RIGHT-EDGE-2.png using Guid(fb1ab752599c70c468c49376ee76d00f) Importer(815301076,1909f56bfc062723c751e8b465ee728b)  -> (artifact id: '63ea61baeec63f72f4e788564c4d61e4') in 0.048136 seconds 
========================================================================
Received Import Request.
  Time since last request: 0.000048 seconds.
  path: Assets/UI button pack 2/Light Blue/shop-2.png
  artifactKey: Guid(2210f9ca0c6e34345bac6a09d8f05ea7) Importer(815301076,1909f56bfc062723c751e8b465ee728b)
Start importing Assets/UI button pack 2/Light Blue/shop-2.png using Guid(2210f9ca0c6e34345bac6a09d8f05ea7) Importer(815301076,1909f56bfc062723c751e8b465ee728b)  -> (artifact id: '6915b4eedae8f511486df6d861922613') in 0.097932 seconds 
========================================================================
Received Import Request.
  Time since last request: 0.000036 seconds.
  path: Assets/UI button pack 2/Light Blue/pause-2.png
  artifactKey: Guid(ec752cfacc10ee246bc850668419f468) Importer(815301076,1909f56bfc062723c751e8b465ee728b)
Start importing Assets/UI button pack 2/Light Blue/pause-2.png using Guid(ec752cfacc10ee246bc850668419f468) Importer(815301076,1909f56bfc062723c751e8b465ee728b)  -> (artifact id: 'df7247cc86e6a63484502cdbc0523fb1') in 0.087861 seconds 
========================================================================
Received Import Request.
  Time since last request: 0.000030 seconds.
  path: Assets/UI button pack 2/Light Blue/mail-2.png
  artifactKey: Guid(38e6fa07e3c276d48a00c493df7d5d27) Importer(815301076,1909f56bfc062723c751e8b465ee728b)
Start importing Assets/UI button pack 2/Light Blue/mail-2.png using Guid(38e6fa07e3c276d48a00c493df7d5d27) Importer(815301076,1909f56bfc062723c751e8b465ee728b)  -> (artifact id: '67163ab4008c8d4a16b50075529cff09') in 0.085915 seconds 
========================================================================
Received Import Request.
  Time since last request: 0.000052 seconds.
  path: Assets/UI button pack 2/Light Blue/up2.png
  artifactKey: Guid(867e52379143a5d469755422e167ef2a) Importer(815301076,1909f56bfc062723c751e8b465ee728b)
Start importing Assets/UI button pack 2/Light Blue/up2.png using Guid(867e52379143a5d469755422e167ef2a) Importer(815301076,1909f56bfc062723c751e8b465ee728b)  -> (artifact id: '00f9bb3c8f3fc32499e7c11cf1af1322') in 0.086209 seconds 
========================================================================
Received Import Request.
  Time since last request: 0.000041 seconds.
  path: Assets/UI button pack 2/Light Blue/down-2.png
  artifactKey: Guid(bf1cc5b1dc9f5d74da337eb95fac1475) Importer(815301076,1909f56bfc062723c751e8b465ee728b)
Start importing Assets/UI button pack 2/Light Blue/down-2.png using Guid(bf1cc5b1dc9f5d74da337eb95fac1475) Importer(815301076,1909f56bfc062723c751e8b465ee728b)  -> (artifact id: '72a73d20686e49ff0abdff63723deed1') in 0.087910 seconds 
========================================================================
Received Import Request.
  Time since last request: 0.000037 seconds.
  path: Assets/UI button pack 2/Light Blue/star-2.png
  artifactKey: Guid(856628468eb79b9478feb3a3a1adec3a) Importer(815301076,1909f56bfc062723c751e8b465ee728b)
Start importing Assets/UI button pack 2/Light Blue/star-2.png using Guid(856628468eb79b9478feb3a3a1adec3a) Importer(815301076,1909f56bfc062723c751e8b465ee728b)  -> (artifact id: 'e3f7f4315fcf4cf88001e07866736ca5') in 0.095985 seconds 
========================================================================
Received Import Request.
  Time since last request: 0.000029 seconds.
  path: Assets/UI button pack 2/Light Blue/52.png
  artifactKey: Guid(45229fe11dfca2a4d9da82a6e6e49f1d) Importer(815301076,1909f56bfc062723c751e8b465ee728b)
Start importing Assets/UI button pack 2/Light Blue/52.png using Guid(45229fe11dfca2a4d9da82a6e6e49f1d) Importer(815301076,1909f56bfc062723c751e8b465ee728b)  -> (artifact id: '0d2d628e5ae1bafa8bf674684ecf91b8') in 0.097979 seconds 
========================================================================
Received Import Request.
  Time since last request: 0.000032 seconds.
  path: Assets/UI button pack 2/Light Blue/1-down-2.png
  artifactKey: Guid(00715f4f72f2d6548b2af287ebdc2daf) Importer(815301076,1909f56bfc062723c751e8b465ee728b)
Start importing Assets/UI button pack 2/Light Blue/1-down-2.png using Guid(00715f4f72f2d6548b2af287ebdc2daf) Importer(815301076,1909f56bfc062723c751e8b465ee728b)  -> (artifact id: 'c4f709be722f33ad00d57b9dc8fd9f2a') in 0.085538 seconds 
========================================================================
Received Import Request.
  Time since last request: 95.614297 seconds.
  path: Assets/UI button pack 2/Red/line-10.png
  artifactKey: Guid(b07ce5b9f9c098542a2655e91fc65f0c) Importer(815301076,1909f56bfc062723c751e8b465ee728b)
Start importing Assets/UI button pack 2/Red/line-10.png using Guid(b07ce5b9f9c098542a2655e91fc65f0c) Importer(815301076,1909f56bfc062723c751e8b465ee728b)  -> (artifact id: '653233c0ff626807d7b3e758218bdcc3') in 0.099134 seconds 
========================================================================
Received Import Request.
  Time since last request: 0.000045 seconds.
  path: Assets/UI button pack 2/Red/REDEEM-RED.png
  artifactKey: Guid(dc9d8a8b3260edf4d87b3452c1e35b6d) Importer(815301076,1909f56bfc062723c751e8b465ee728b)
Start importing Assets/UI button pack 2/Red/REDEEM-RED.png using Guid(dc9d8a8b3260edf4d87b3452c1e35b6d) Importer(815301076,1909f56bfc062723c751e8b465ee728b)  -> (artifact id: '7dcfb6f777f5952c02437254cc94b7da') in 0.085241 seconds 
========================================================================
Received Import Request.
  Time since last request: 0.000037 seconds.
  path: Assets/UI button pack 2/Red/PLUS-RED.png
  artifactKey: Guid(e3b7e92767f3b4a4eb07dec9ca1718af) Importer(815301076,1909f56bfc062723c751e8b465ee728b)
Start importing Assets/UI button pack 2/Red/PLUS-RED.png using Guid(e3b7e92767f3b4a4eb07dec9ca1718af) Importer(815301076,1909f56bfc062723c751e8b465ee728b)  -> (artifact id: 'b19c4786d6c0fa879df45c20dd32f44c') in 0.086515 seconds 
========================================================================
Received Import Request.
  Time since last request: 0.000046 seconds.
  path: Assets/UI button pack 2/Red/retry-red.png
  artifactKey: Guid(b29cda88838707545bef88e037ec0016) Importer(815301076,1909f56bfc062723c751e8b465ee728b)
Start importing Assets/UI button pack 2/Red/retry-red.png using Guid(b29cda88838707545bef88e037ec0016) Importer(815301076,1909f56bfc062723c751e8b465ee728b)  -> (artifact id: '6bed86ac36f24cd0a50aeb296e56e8f5') in 0.090634 seconds 
========================================================================
Received Import Request.
  Time since last request: 0.000035 seconds.
  path: Assets/UI button pack 2/Red/que-red.png
  artifactKey: Guid(96d20ebab46265c4ebbb2f5adec87c25) Importer(815301076,1909f56bfc062723c751e8b465ee728b)
Start importing Assets/UI button pack 2/Red/que-red.png using Guid(96d20ebab46265c4ebbb2f5adec87c25) Importer(815301076,1909f56bfc062723c751e8b465ee728b)  -> (artifact id: 'd6976431bbbc33e4961528c341eb740a') in 0.094933 seconds 
========================================================================
Received Import Request.
  Time since last request: 0.000042 seconds.
  path: Assets/UI button pack 2/Red/NORMAL-SCREEN-RED.png
  artifactKey: Guid(34f97df8d364870448e6b5e2db938f0f) Importer(815301076,1909f56bfc062723c751e8b465ee728b)
Start importing Assets/UI button pack 2/Red/NORMAL-SCREEN-RED.png using Guid(34f97df8d364870448e6b5e2db938f0f) Importer(815301076,1909f56bfc062723c751e8b465ee728b)  -> (artifact id: '080b98aa0e0aa93fd90cd13b0e8df6c1') in 0.094051 seconds 
========================================================================
Received Import Request.
  Time since last request: 0.000053 seconds.
  path: Assets/UI button pack 2/Red/lock-red.png
  artifactKey: Guid(ed5de0d77f53cb84ebe49892050eed89) Importer(815301076,1909f56bfc062723c751e8b465ee728b)
Start importing Assets/UI button pack 2/Red/lock-red.png using Guid(ed5de0d77f53cb84ebe49892050eed89) Importer(815301076,1909f56bfc062723c751e8b465ee728b)  -> (artifact id: 'ee54afb0ebc406822ad0aae09486b92c') in 0.089650 seconds 
========================================================================
Received Import Request.
  Time since last request: 0.000031 seconds.
  path: Assets/UI button pack 2/Red/pin-red.png
  artifactKey: Guid(8de26a790232eff409eba4da073d3931) Importer(815301076,1909f56bfc062723c751e8b465ee728b)
Start importing Assets/UI button pack 2/Red/pin-red.png using Guid(8de26a790232eff409eba4da073d3931) Importer(815301076,1909f56bfc062723c751e8b465ee728b)  -> (artifact id: 'a3adcbf339a6bb74974b9b2270842e4e') in 0.083160 seconds 
========================================================================
Received Import Request.
  Time since last request: 0.000032 seconds.
  path: Assets/UI button pack 2/Red/ok-red.png
  artifactKey: Guid(eee78d94d4bc436408d93e2b2eca38ce) Importer(815301076,1909f56bfc062723c751e8b465ee728b)
Start importing Assets/UI button pack 2/Red/ok-red.png using Guid(eee78d94d4bc436408d93e2b2eca38ce) Importer(815301076,1909f56bfc062723c751e8b465ee728b)  -> (artifact id: 'c23aa7fdde6a6c32331ab975d39698c5') in 0.081822 seconds 
========================================================================
Received Import Request.
  Time since last request: 0.000047 seconds.
  path: Assets/UI button pack 2/Red/remove-add-red.png
  artifactKey: Guid(b719cfaa886fb3c4596c2b4133c54004) Importer(815301076,1909f56bfc062723c751e8b465ee728b)
Start importing Assets/UI button pack 2/Red/remove-add-red.png using Guid(b719cfaa886fb3c4596c2b4133c54004) Importer(815301076,1909f56bfc062723c751e8b465ee728b)  -> (artifact id: 'd647d595fd59a482a30327a4b15bb41a') in 0.102585 seconds 
========================================================================
Received Import Request.
  Time since last request: 0.000044 seconds.
  path: Assets/UI button pack 2/Red/REWARD-RED.png
  artifactKey: Guid(e235e90f48d50324aac64efac88f1a9c) Importer(815301076,1909f56bfc062723c751e8b465ee728b)
Start importing Assets/UI button pack 2/Red/REWARD-RED.png using Guid(e235e90f48d50324aac64efac88f1a9c) Importer(815301076,1909f56bfc062723c751e8b465ee728b)  -> (artifact id: 'dbbf2821a5fc92adb8f407606a264a8b') in 0.086803 seconds 
========================================================================
Received Import Request.
  Time since last request: 0.000025 seconds.
  path: Assets/UI button pack 2/Red/remove-members-red.png
  artifactKey: Guid(6aab8483689269e47a1f3638eceb2669) Importer(815301076,1909f56bfc062723c751e8b465ee728b)
Start importing Assets/UI button pack 2/Red/remove-members-red.png using Guid(6aab8483689269e47a1f3638eceb2669) Importer(815301076,1909f56bfc062723c751e8b465ee728b)  -> (artifact id: '2e7a56ccc74ab5025ad30cacd9420d4b') in 0.084004 seconds 
========================================================================
Received Import Request.
  Time since last request: 0.000032 seconds.
  path: Assets/UI button pack 2/Red/music-off-red.png
  artifactKey: Guid(d921465e0ff405a418c87ae0b8d96295) Importer(815301076,1909f56bfc062723c751e8b465ee728b)
Start importing Assets/UI button pack 2/Red/music-off-red.png using Guid(d921465e0ff405a418c87ae0b8d96295) Importer(815301076,1909f56bfc062723c751e8b465ee728b)  -> (artifact id: '56f538f6c2456e73a494b05523f4a68d') in 0.089378 seconds 
========================================================================
Received Import Request.
  Time since last request: 0.000041 seconds.
  path: Assets/UI button pack 2/Red/music-red.png
  artifactKey: Guid(d243d40ffad14014da3c908524959dc5) Importer(815301076,1909f56bfc062723c751e8b465ee728b)
Start importing Assets/UI button pack 2/Red/music-red.png using Guid(d243d40ffad14014da3c908524959dc5) Importer(815301076,1909f56bfc062723c751e8b465ee728b)  -> (artifact id: 'b2165e75c592132aa8667432a6510c70') in 0.078236 seconds 
========================================================================
Received Import Request.
  Time since last request: 0.705078 seconds.
  path: Assets/UI button pack 2/Red/forward-red.png
  artifactKey: Guid(5acc77acf2371864eaf8dd290aa95e23) Importer(815301076,1909f56bfc062723c751e8b465ee728b)
Start importing Assets/UI button pack 2/Red/forward-red.png using Guid(5acc77acf2371864eaf8dd290aa95e23) Importer(815301076,1909f56bfc062723c751e8b465ee728b)  -> (artifact id: '39c67f342b866fe65fe018f1ea2603e5') in 0.088117 seconds 
========================================================================
Received Import Request.
  Time since last request: 0.000031 seconds.
  path: Assets/UI button pack 2/Red/INFO-RED.png
  artifactKey: Guid(fe4eaae0b1c722346851ab83967e0ce0) Importer(815301076,1909f56bfc062723c751e8b465ee728b)
Start importing Assets/UI button pack 2/Red/INFO-RED.png using Guid(fe4eaae0b1c722346851ab83967e0ce0) Importer(815301076,1909f56bfc062723c751e8b465ee728b)  -> (artifact id: 'be7756a9b37897c8e4a2307abe21da23') in 0.075863 seconds 
========================================================================
Received Import Request.
  Time since last request: 0.000047 seconds.
  path: Assets/UI button pack 2/Red/left-edge-red.png
  artifactKey: Guid(08ebe7310c6473d449895e97caded028) Importer(815301076,1909f56bfc062723c751e8b465ee728b)
Start importing Assets/UI button pack 2/Red/left-edge-red.png using Guid(08ebe7310c6473d449895e97caded028) Importer(815301076,1909f56bfc062723c751e8b465ee728b)  -> (artifact id: '1cc85ea014e46f80a47419e166a65e58') in 0.036679 seconds 
========================================================================
Received Import Request.
  Time since last request: 0.000054 seconds.
  path: Assets/UI button pack 2/Red/IDEA-RED.png
  artifactKey: Guid(56693f975b39cd24ca94cf6caf64ab79) Importer(815301076,1909f56bfc062723c751e8b465ee728b)
Start importing Assets/UI button pack 2/Red/IDEA-RED.png using Guid(56693f975b39cd24ca94cf6caf64ab79) Importer(815301076,1909f56bfc062723c751e8b465ee728b)  -> (artifact id: '38cef563c12b0301362455170763b24f') in 0.087727 seconds 
========================================================================
Received Import Request.
  Time since last request: 0.000026 seconds.
  path: Assets/UI button pack 2/Red/HARD-RED.png
  artifactKey: Guid(f1b36d20748460a4b8d7fcd4d4e62a3d) Importer(815301076,1909f56bfc062723c751e8b465ee728b)
Start importing Assets/UI button pack 2/Red/HARD-RED.png using Guid(f1b36d20748460a4b8d7fcd4d4e62a3d) Importer(815301076,1909f56bfc062723c751e8b465ee728b)  -> (artifact id: 'c66369a356bee665c095110e3fe6f2f2') in 0.084360 seconds 
========================================================================
Received Import Request.
  Time since last request: 0.263548 seconds.
  path: Assets/UI button pack 2/Red/RIGHT-RED.png
  artifactKey: Guid(d38907d5edb942043863bddabb92dc66) Importer(815301076,1909f56bfc062723c751e8b465ee728b)
Start importing Assets/UI button pack 2/Red/RIGHT-RED.png using Guid(d38907d5edb942043863bddabb92dc66) Importer(815301076,1909f56bfc062723c751e8b465ee728b)  -> (artifact id: '8611f9fa5cc0a29fdb650287c086df94') in 0.082571 seconds 
========================================================================
Received Import Request.
  Time since last request: 0.000031 seconds.
  path: Assets/UI button pack 2/Red/SETTINGS-RED.png
  artifactKey: Guid(3d199fc0d2e42374cba8339d063b9c3c) Importer(815301076,1909f56bfc062723c751e8b465ee728b)
Start importing Assets/UI button pack 2/Red/SETTINGS-RED.png using Guid(3d199fc0d2e42374cba8339d063b9c3c) Importer(815301076,1909f56bfc062723c751e8b465ee728b)  -> (artifact id: '3fcc91ff02ca073348ca84f6fdf22e22') in 0.088455 seconds 
========================================================================
Received Import Request.
  Time since last request: 0.000032 seconds.
  path: Assets/UI button pack 2/Red/stop-red.png
  artifactKey: Guid(aa9af7bb349c17441868eb3516a9b0e8) Importer(815301076,1909f56bfc062723c751e8b465ee728b)
Start importing Assets/UI button pack 2/Red/stop-red.png using Guid(aa9af7bb349c17441868eb3516a9b0e8) Importer(815301076,1909f56bfc062723c751e8b465ee728b)  -> (artifact id: '79bb9ef1ecc47e7c57fa133d4a0df620') in 0.082041 seconds 
========================================================================
Received Import Request.
  Time since last request: 0.000037 seconds.
  path: Assets/UI button pack 2/Red/ZOOM-OUT-RED.png
  artifactKey: Guid(3225d741746e6e448ba1fb31baafb12d) Importer(815301076,1909f56bfc062723c751e8b465ee728b)
Start importing Assets/UI button pack 2/Red/ZOOM-OUT-RED.png using Guid(3225d741746e6e448ba1fb31baafb12d) Importer(815301076,1909f56bfc062723c751e8b465ee728b)  -> (artifact id: '0ebf6bbd919f17eee5e949373fe6db30') in 0.083730 seconds 
========================================================================
Received Import Request.
  Time since last request: 0.000035 seconds.
  path: Assets/UI button pack 2/Red/ZOOM IN RED.png
  artifactKey: Guid(40da72e1c5bd8cd46b091c51cd3b30e9) Importer(815301076,1909f56bfc062723c751e8b465ee728b)
Start importing Assets/UI button pack 2/Red/ZOOM IN RED.png using Guid(40da72e1c5bd8cd46b091c51cd3b30e9) Importer(815301076,1909f56bfc062723c751e8b465ee728b)  -> (artifact id: '19ced9bb77b70d4618d104a0e0fa52b7') in 0.092058 seconds 
========================================================================
Received Import Request.
  Time since last request: 0.000033 seconds.
  path: Assets/UI button pack 2/Red/STAR-RED.png
  artifactKey: Guid(a08037808b19bc4449ec351df86c38ce) Importer(815301076,1909f56bfc062723c751e8b465ee728b)
Start importing Assets/UI button pack 2/Red/STAR-RED.png using Guid(a08037808b19bc4449ec351df86c38ce) Importer(815301076,1909f56bfc062723c751e8b465ee728b)  -> (artifact id: 'dd20b60c632343b73c01833b99031fbc') in 0.086228 seconds 
========================================================================
Received Import Request.
  Time since last request: 0.000041 seconds.
  path: Assets/UI button pack 2/Red/skip-red.png
  artifactKey: Guid(cbef8bfb2bae7f34999c39c30fdfbe3f) Importer(815301076,1909f56bfc062723c751e8b465ee728b)
Start importing Assets/UI button pack 2/Red/skip-red.png using Guid(cbef8bfb2bae7f34999c39c30fdfbe3f) Importer(815301076,1909f56bfc062723c751e8b465ee728b)  -> (artifact id: '2a059b8867567228f723037b3e683c63') in 0.083713 seconds 
========================================================================
Received Import Request.
  Time since last request: 0.000038 seconds.
  path: Assets/UI button pack 2/Red/UP-RED.png
  artifactKey: Guid(bfef7cf9ae6c2b3479d3477e26eafe90) Importer(815301076,1909f56bfc062723c751e8b465ee728b)
Start importing Assets/UI button pack 2/Red/UP-RED.png using Guid(bfef7cf9ae6c2b3479d3477e26eafe90) Importer(815301076,1909f56bfc062723c751e8b465ee728b)  -> (artifact id: '4d4e701bb6d736f8fe40124461e5ae5e') in 0.079128 seconds 
========================================================================
Received Import Request.
  Time since last request: 0.000036 seconds.
  path: Assets/UI button pack 2/Red/WIDE-RED.png
  artifactKey: Guid(10863d375edbe1843b0b88dcfc78e8d3) Importer(815301076,1909f56bfc062723c751e8b465ee728b)
Start importing Assets/UI button pack 2/Red/WIDE-RED.png using Guid(10863d375edbe1843b0b88dcfc78e8d3) Importer(815301076,1909f56bfc062723c751e8b465ee728b)  -> (artifact id: 'c1a2f241c1d5daf5398d1890d8d73d3f') in 0.079120 seconds 
========================================================================
Received Import Request.
  Time since last request: 0.577305 seconds.
  path: Assets/UI button pack 2/Red/DELETE RED.png
  artifactKey: Guid(872b38133ffcff147b63fe27d6fae303) Importer(815301076,1909f56bfc062723c751e8b465ee728b)
Start importing Assets/UI button pack 2/Red/DELETE RED.png using Guid(872b38133ffcff147b63fe27d6fae303) Importer(815301076,1909f56bfc062723c751e8b465ee728b)  -> (artifact id: 'e6dc573fa3522d5b507daf4aafa9ab23') in 0.079601 seconds 
========================================================================
Received Import Request.
  Time since last request: 0.000031 seconds.
  path: Assets/UI button pack 2/Red/end-red.png
  artifactKey: Guid(0d623e919dc28344a8ad9132766bd5a2) Importer(815301076,1909f56bfc062723c751e8b465ee728b)
Start importing Assets/UI button pack 2/Red/end-red.png using Guid(0d623e919dc28344a8ad9132766bd5a2) Importer(815301076,1909f56bfc062723c751e8b465ee728b)  -> (artifact id: '1962582b470dec775f66528b7f67ec64') in 0.079649 seconds 
========================================================================
Received Import Request.
  Time since last request: 0.000307 seconds.
  path: Assets/UI button pack 2/Red/EASY-4.png
  artifactKey: Guid(1c15de251254b5c449f1a1dbb3233e69) Importer(815301076,1909f56bfc062723c751e8b465ee728b)
Start importing Assets/UI button pack 2/Red/EASY-4.png using Guid(1c15de251254b5c449f1a1dbb3233e69) Importer(815301076,1909f56bfc062723c751e8b465ee728b)  -> (artifact id: '7173dc11fcd6b3b3712732e24b07a63a') in 0.085479 seconds 
========================================================================
Received Import Request.
  Time since last request: 0.000034 seconds.
  path: Assets/UI button pack 2/Red/DOWN-RED.png
  artifactKey: Guid(e4e76b793d075bb49898bedff2ca8a1d) Importer(815301076,1909f56bfc062723c751e8b465ee728b)
Start importing Assets/UI button pack 2/Red/DOWN-RED.png using Guid(e4e76b793d075bb49898bedff2ca8a1d) Importer(815301076,1909f56bfc062723c751e8b465ee728b)  -> (artifact id: '2903a2c8040c6517a5a1829251f2de45') in 0.088460 seconds 
========================================================================
Received Import Request.
  Time since last request: 0.000036 seconds.
  path: Assets/UI button pack 2/Red/6-red.png
  artifactKey: Guid(8b76c3cf7512d4241bf95d1a6f13d25f) Importer(815301076,1909f56bfc062723c751e8b465ee728b)
Start importing Assets/UI button pack 2/Red/6-red.png using Guid(8b76c3cf7512d4241bf95d1a6f13d25f) Importer(815301076,1909f56bfc062723c751e8b465ee728b)  -> (artifact id: '3c4fb071ea14055e62566e2b1462577c') in 0.086514 seconds 
========================================================================
Received Import Request.
  Time since last request: 0.000036 seconds.
  path: Assets/UI button pack 2/Red/continue-red.png
  artifactKey: Guid(3d6c6a923cfd34847b78380c172f81f5) Importer(815301076,1909f56bfc062723c751e8b465ee728b)
Start importing Assets/UI button pack 2/Red/continue-red.png using Guid(3d6c6a923cfd34847b78380c172f81f5) Importer(815301076,1909f56bfc062723c751e8b465ee728b)  -> (artifact id: 'b7c9dd0fbbbe48f727278cd8ee22fe0d') in 0.083370 seconds 
========================================================================
Received Import Request.
  Time since last request: 0.000046 seconds.
  path: Assets/UI button pack 2/Red/CHAT-RED.png
  artifactKey: Guid(e743239969e5fbb40ab4dc7d103d7f31) Importer(815301076,1909f56bfc062723c751e8b465ee728b)
Start importing Assets/UI button pack 2/Red/CHAT-RED.png using Guid(e743239969e5fbb40ab4dc7d103d7f31) Importer(815301076,1909f56bfc062723c751e8b465ee728b)  -> (artifact id: '73f6bdaf30660408fec4cafdd86f5c0d') in 0.082670 seconds 
========================================================================
Received Import Request.
  Time since last request: 0.000031 seconds.
  path: Assets/UI button pack 2/Red/chart-red.png
  artifactKey: Guid(62d1b18a01528bf479353cca75a360f3) Importer(815301076,1909f56bfc062723c751e8b465ee728b)
Start importing Assets/UI button pack 2/Red/chart-red.png using Guid(62d1b18a01528bf479353cca75a360f3) Importer(815301076,1909f56bfc062723c751e8b465ee728b)  -> (artifact id: 'b00ba237f3fb258f9f2b7615bc05787b') in 0.088978 seconds 
========================================================================
Received Import Request.
  Time since last request: 0.000039 seconds.
  path: Assets/UI button pack 2/Red/1024-256-red.png
  artifactKey: Guid(c56fb3a662ae26e41b4f70c79dd6dd19) Importer(815301076,1909f56bfc062723c751e8b465ee728b)
Start importing Assets/UI button pack 2/Red/1024-256-red.png using Guid(c56fb3a662ae26e41b4f70c79dd6dd19) Importer(815301076,1909f56bfc062723c751e8b465ee728b)  -> (artifact id: '5fce6affd8636c2c1cb4cea2fa8f70f1') in 0.034999 seconds 
========================================================================
Received Import Request.
  Time since last request: 0.000029 seconds.
  path: Assets/UI button pack 2/Red/10-3.png
  artifactKey: Guid(9041cd4409ec22149868cae20cc19da4) Importer(815301076,1909f56bfc062723c751e8b465ee728b)
Start importing Assets/UI button pack 2/Red/10-3.png using Guid(9041cd4409ec22149868cae20cc19da4) Importer(815301076,1909f56bfc062723c751e8b465ee728b)  -> (artifact id: 'aac58c3f101ba58fa9185906d016d4b5') in 0.081935 seconds 
========================================================================
Received Import Request.
  Time since last request: 0.000032 seconds.
  path: Assets/UI button pack 2/Red/8-red.png
  artifactKey: Guid(faf7bab0843c5b34196d91f4458cdcc4) Importer(815301076,1909f56bfc062723c751e8b465ee728b)
Start importing Assets/UI button pack 2/Red/8-red.png using Guid(faf7bab0843c5b34196d91f4458cdcc4) Importer(815301076,1909f56bfc062723c751e8b465ee728b)  -> (artifact id: '720ed6ac0639e164bb263b5d7d598277') in 0.080673 seconds 
========================================================================
Received Import Request.
  Time since last request: 0.000027 seconds.
  path: Assets/UI button pack 2/Red/empty-heart-red.png
  artifactKey: Guid(35ba511671e64df4bab5035b8ddbfabd) Importer(815301076,1909f56bfc062723c751e8b465ee728b)
Start importing Assets/UI button pack 2/Red/empty-heart-red.png using Guid(35ba511671e64df4bab5035b8ddbfabd) Importer(815301076,1909f56bfc062723c751e8b465ee728b)  -> (artifact id: 'c13921a0b6a4f30344da81878c147311') in 0.089770 seconds 
========================================================================
Received Import Request.
  Time since last request: 0.000027 seconds.
  path: Assets/UI button pack 2/Red/add-members-red.png
  artifactKey: Guid(96b8178db64c74143aa796c1a9a831d7) Importer(815301076,1909f56bfc062723c751e8b465ee728b)
Start importing Assets/UI button pack 2/Red/add-members-red.png using Guid(96b8178db64c74143aa796c1a9a831d7) Importer(815301076,1909f56bfc062723c751e8b465ee728b)  -> (artifact id: '7692886cef6c6bcdf78a8d181da67d8a') in 0.081458 seconds 
========================================================================
Received Import Request.
  Time since last request: 690.565468 seconds.
  path: ProjectSettings/TagManager.asset
  artifactKey: Guid(00000000000000003000000000000000) Importer(815301076,1909f56bfc062723c751e8b465ee728b)
Start importing ProjectSettings/TagManager.asset using Guid(00000000000000003000000000000000) Importer(815301076,1909f56bfc062723c751e8b465ee728b)  -> (artifact id: '3e9bae0f2ed2f347150df09c175581c5') in 0.009659 seconds 
========================================================================
Received Import Request.
  Time since last request: 277.933764 seconds.
  path: Assets/BayatGames/Free Platform Game Assets/Water Animation/2D view ( Update 1.9 )/256x256/11-2x.png
  artifactKey: Guid(5c39f3a4f383a24428b9f0a8234d603d) Importer(815301076,1909f56bfc062723c751e8b465ee728b)
Start importing Assets/BayatGames/Free Platform Game Assets/Water Animation/2D view ( Update 1.9 )/256x256/11-2x.png using Guid(5c39f3a4f383a24428b9f0a8234d603d) Importer(815301076,1909f56bfc062723c751e8b465ee728b)  -> (artifact id: 'a343848f693234132801b3e71016b942') in 0.042979 seconds 
========================================================================
Received Import Request.
  Time since last request: 0.000057 seconds.
  path: Assets/UI button pack 2/Blue/12.png
  artifactKey: Guid(4822d78c36b4d694bac11d9640f8172a) Importer(815301076,1909f56bfc062723c751e8b465ee728b)
Start importing Assets/UI button pack 2/Blue/12.png using Guid(4822d78c36b4d694bac11d9640f8172a) Importer(815301076,1909f56bfc062723c751e8b465ee728b)  -> (artifact id: '112f0fb8583b4784c20c44af68d63a97') in 0.080871 seconds 
========================================================================
Received Import Request.
  Time since last request: 0.000028 seconds.
  path: Assets/BayatGames/Free Platform Game Assets/Water Animation/2D view ( Update 1.9 )/128x128/12-1x.png
  artifactKey: Guid(680ee6c7813178c4ab779c801a23c814) Importer(815301076,1909f56bfc062723c751e8b465ee728b)
Start importing Assets/BayatGames/Free Platform Game Assets/Water Animation/2D view ( Update 1.9 )/128x128/12-1x.png using Guid(680ee6c7813178c4ab779c801a23c814) Importer(815301076,1909f56bfc062723c751e8b465ee728b)  -> (artifact id: 'e6c9e7ead41a107d498dee94c769f7f4') in 0.029131 seconds 
========================================================================
Received Import Request.
  Time since last request: 0.000037 seconds.
  path: Assets/BayatGames/Free Platform Game Assets/Water Animation/2D view ( Update 1.9 )/256x256/12-2x.png
  artifactKey: Guid(785d74e266956cc46a81814c6e7745bd) Importer(815301076,1909f56bfc062723c751e8b465ee728b)
Start importing Assets/BayatGames/Free Platform Game Assets/Water Animation/2D view ( Update 1.9 )/256x256/12-2x.png using Guid(785d74e266956cc46a81814c6e7745bd) Importer(815301076,1909f56bfc062723c751e8b465ee728b)  -> (artifact id: '5ad33fb04351915b8e9cf56da53699a5') in 0.033113 seconds 
========================================================================
Received Import Request.
  Time since last request: 0.000052 seconds.
  path: Assets/BayatGames/Free Platform Game Assets/Water Animation/2D view ( Update 1.9 )/512x512/12-4x.png
  artifactKey: Guid(cb29eeb5cb30c5d4e9162a06f6ffc1ef) Importer(815301076,1909f56bfc062723c751e8b465ee728b)
Start importing Assets/BayatGames/Free Platform Game Assets/Water Animation/2D view ( Update 1.9 )/512x512/12-4x.png using Guid(cb29eeb5cb30c5d4e9162a06f6ffc1ef) Importer(815301076,1909f56bfc062723c751e8b465ee728b)  -> (artifact id: '6814feff5aa611b4f8ac81562e2e61aa') in 0.040205 seconds 
========================================================================
Received Import Request.
  Time since last request: 3.230286 seconds.
  path: Assets/UI button pack 2/Purple/13.png
  artifactKey: Guid(949a80bc4511989488186570272bf229) Importer(815301076,1909f56bfc062723c751e8b465ee728b)
Start importing Assets/UI button pack 2/Purple/13.png using Guid(949a80bc4511989488186570272bf229) Importer(815301076,1909f56bfc062723c751e8b465ee728b)  -> (artifact id: '1cb065e9093f8da99bc7356381a56b12') in 0.072768 seconds 
========================================================================
Received Import Request.
  Time since last request: 0.000032 seconds.
  path: Assets/BayatGames/Free Platform Game Assets/Water Animation/2D view ( Update 1.9 )/256x256/13-2x.png
  artifactKey: Guid(3695ded8ed5d81f4bbfaac60c95817ad) Importer(815301076,1909f56bfc062723c751e8b465ee728b)
Start importing Assets/BayatGames/Free Platform Game Assets/Water Animation/2D view ( Update 1.9 )/256x256/13-2x.png using Guid(3695ded8ed5d81f4bbfaac60c95817ad) Importer(815301076,1909f56bfc062723c751e8b465ee728b)  -> (artifact id: 'aed9de735a0d8344813c25796e4fbd8f') in 0.028033 seconds 
========================================================================
Received Import Request.
  Time since last request: 0.464744 seconds.
  path: Assets/BayatGames/Free Platform Game Assets/Water Animation/2D view ( Update 1.9 )/512x512/13-4x.png
  artifactKey: Guid(26e4da524476ff348b7a168a22adb7f3) Importer(815301076,1909f56bfc062723c751e8b465ee728b)
Start importing Assets/BayatGames/Free Platform Game Assets/Water Animation/2D view ( Update 1.9 )/512x512/13-4x.png using Guid(26e4da524476ff348b7a168a22adb7f3) Importer(815301076,1909f56bfc062723c751e8b465ee728b)  -> (artifact id: '242859c738b38a12ceff5226815d7947') in 0.037186 seconds 
========================================================================
Received Import Request.
  Time since last request: 0.034636 seconds.
  path: Assets/BayatGames/Free Platform Game Assets/Water Animation/2D view ( Update 1.9 )/256x256/14-2x.png
  artifactKey: Guid(fc0e215a7832de44dada7c2dd63ed1c1) Importer(815301076,1909f56bfc062723c751e8b465ee728b)
Start importing Assets/BayatGames/Free Platform Game Assets/Water Animation/2D view ( Update 1.9 )/256x256/14-2x.png using Guid(fc0e215a7832de44dada7c2dd63ed1c1) Importer(815301076,1909f56bfc062723c751e8b465ee728b)  -> (artifact id: '2d2385ac33d6ee50b2b91e59b1b4f963') in 0.026707 seconds 
========================================================================
Received Import Request.
  Time since last request: 0.021318 seconds.
  path: Assets/BayatGames/Free Platform Game Assets/Water Animation/2D view ( Update 1.9 )/128x128/15-1x.png
  artifactKey: Guid(18bc0a66b0a09fb42b5f2526223fd314) Importer(815301076,1909f56bfc062723c751e8b465ee728b)
Start importing Assets/BayatGames/Free Platform Game Assets/Water Animation/2D view ( Update 1.9 )/128x128/15-1x.png using Guid(18bc0a66b0a09fb42b5f2526223fd314) Importer(815301076,1909f56bfc062723c751e8b465ee728b)  -> (artifact id: '244c129a77e5b6d3484dcd6fe8650a7d') in 0.025126 seconds 
